[Tue, 05 Feb 2013 13:28:30 +0000] [/Volumes/Machintosh HD/Developpement/Amazon/Wordpress/wp-content/cache/tmp/.htaccess => .htaccess] OK
[Tue, 05 Feb 2013 13:28:31 +0000] [/Volumes/Machintosh HD/Developpement/Amazon/Wordpress/wp-content/cache/tmp/.htaccess => .htaccess] OK
[Tue, 05 Feb 2013 13:30:13 +0000] [/Volumes/Machintosh HD/Developpement/Amazon/Wordpress/wp-content/cache/tmp/.htaccess => .htaccess] OK
[Tue, 05 Feb 2013 13:30:15 +0000] [/Volumes/Machintosh HD/Developpement/Amazon/Wordpress/wp-content/cache/tmp/.htaccess => .htaccess] OK
[Tue, 05 Feb 2013 13:34:17 +0000] [/Volumes/Machintosh HD/Developpement/Amazon/Wordpress/wp-content/cache/tmp/.htaccess => .htaccess] Unable to delete file (ftp_delete() [<a href='function.ftp-delete'>function.ftp-delete</a>]: .htaccess: No such file or directory).
[Tue, 05 Feb 2013 13:34:18 +0000] [/Volumes/Machintosh HD/Developpement/Amazon/Wordpress/wp-content/cache/tmp/.htaccess => .htaccess] OK
[Tue, 05 Feb 2013 13:36:04 +0000] [/Volumes/Machintosh HD/Developpement/Amazon/Wordpress/wp-includes/css/admin-bar-rtl.css => wp-includes/css/admin-bar-rtl.css] OK
[Tue, 05 Feb 2013 13:36:05 +0000] [/Volumes/Machintosh HD/Developpement/Amazon/Wordpress/wp-includes/css/admin-bar-rtl.min.css => wp-includes/css/admin-bar-rtl.min.css] OK
[Tue, 05 Feb 2013 13:36:05 +0000] [/Volumes/Machintosh HD/Developpement/Amazon/Wordpress/wp-includes/css/admin-bar.css => wp-includes/css/admin-bar.css] OK
[Tue, 05 Feb 2013 13:36:06 +0000] [/Volumes/Machintosh HD/Developpement/Amazon/Wordpress/wp-includes/css/admin-bar.min.css => wp-includes/css/admin-bar.min.css] OK
[Tue, 05 Feb 2013 13:36:07 +0000] [/Volumes/Machintosh HD/Developpement/Amazon/Wordpress/wp-includes/css/buttons.css => wp-includes/css/buttons.css] OK
[Tue, 05 Feb 2013 13:36:07 +0000] [/Volumes/Machintosh HD/Developpement/Amazon/Wordpress/wp-includes/css/buttons.min.css => wp-includes/css/buttons.min.css] OK
[Tue, 05 Feb 2013 13:36:08 +0000] [/Volumes/Machintosh HD/Developpement/Amazon/Wordpress/wp-includes/css/editor.css => wp-includes/css/editor.css] OK
[Tue, 05 Feb 2013 13:36:09 +0000] [/Volumes/Machintosh HD/Developpement/Amazon/Wordpress/wp-includes/css/editor.min.css => wp-includes/css/editor.min.css] OK
[Tue, 05 Feb 2013 13:36:10 +0000] [/Volumes/Machintosh HD/Developpement/Amazon/Wordpress/wp-includes/css/jquery-ui-dialog.css => wp-includes/css/jquery-ui-dialog.css] OK
[Tue, 05 Feb 2013 13:36:11 +0000] [/Volumes/Machintosh HD/Developpement/Amazon/Wordpress/wp-includes/css/jquery-ui-dialog.min.css => wp-includes/css/jquery-ui-dialog.min.css] OK
[Tue, 05 Feb 2013 13:36:11 +0000] [/Volumes/Machintosh HD/Developpement/Amazon/Wordpress/wp-includes/css/media-views-rtl.css => wp-includes/css/media-views-rtl.css] OK
[Tue, 05 Feb 2013 13:36:12 +0000] [/Volumes/Machintosh HD/Developpement/Amazon/Wordpress/wp-includes/css/media-views-rtl.min.css => wp-includes/css/media-views-rtl.min.css] OK
[Tue, 05 Feb 2013 13:36:13 +0000] [/Volumes/Machintosh HD/Developpement/Amazon/Wordpress/wp-includes/css/media-views.css => wp-includes/css/media-views.css] OK
[Tue, 05 Feb 2013 13:36:14 +0000] [/Volumes/Machintosh HD/Developpement/Amazon/Wordpress/wp-includes/css/media-views.min.css => wp-includes/css/media-views.min.css] OK
[Tue, 05 Feb 2013 13:36:14 +0000] [/Volumes/Machintosh HD/Developpement/Amazon/Wordpress/wp-includes/css/wp-pointer.css => wp-includes/css/wp-pointer.css] OK
[Tue, 05 Feb 2013 13:36:15 +0000] [/Volumes/Machintosh HD/Developpement/Amazon/Wordpress/wp-includes/css/wp-pointer.min.css => wp-includes/css/wp-pointer.min.css] OK
[Tue, 05 Feb 2013 13:36:16 +0000] [/Volumes/Machintosh HD/Developpement/Amazon/Wordpress/wp-includes/images/admin-bar-sprite-2x.png => wp-includes/images/admin-bar-sprite-2x.png] OK
[Tue, 05 Feb 2013 13:36:16 +0000] [/Volumes/Machintosh HD/Developpement/Amazon/Wordpress/wp-includes/images/admin-bar-sprite.png => wp-includes/images/admin-bar-sprite.png] OK
[Tue, 05 Feb 2013 13:36:18 +0000] [/Volumes/Machintosh HD/Developpement/Amazon/Wordpress/wp-includes/images/arrow-pointer-blue-2x.png => wp-includes/images/arrow-pointer-blue-2x.png] OK
[Tue, 05 Feb 2013 13:36:19 +0000] [/Volumes/Machintosh HD/Developpement/Amazon/Wordpress/wp-includes/images/arrow-pointer-blue.png => wp-includes/images/arrow-pointer-blue.png] OK
[Tue, 05 Feb 2013 13:36:19 +0000] [/Volumes/Machintosh HD/Developpement/Amazon/Wordpress/wp-includes/images/blank.gif => wp-includes/images/blank.gif] OK
[Tue, 05 Feb 2013 13:36:20 +0000] [/Volumes/Machintosh HD/Developpement/Amazon/Wordpress/wp-includes/images/crystal/archive.png => wp-includes/images/crystal/archive.png] OK
[Tue, 05 Feb 2013 13:36:20 +0000] [/Volumes/Machintosh HD/Developpement/Amazon/Wordpress/wp-includes/images/crystal/audio.png => wp-includes/images/crystal/audio.png] OK
[Tue, 05 Feb 2013 13:36:21 +0000] [/Volumes/Machintosh HD/Developpement/Amazon/Wordpress/wp-includes/images/crystal/code.png => wp-includes/images/crystal/code.png] OK
[Tue, 05 Feb 2013 13:36:22 +0000] [/Volumes/Machintosh HD/Developpement/Amazon/Wordpress/wp-includes/images/crystal/default.png => wp-includes/images/crystal/default.png] OK
[Tue, 05 Feb 2013 13:36:23 +0000] [/Volumes/Machintosh HD/Developpement/Amazon/Wordpress/wp-includes/images/crystal/document.png => wp-includes/images/crystal/document.png] OK
[Tue, 05 Feb 2013 13:36:24 +0000] [/Volumes/Machintosh HD/Developpement/Amazon/Wordpress/wp-includes/images/crystal/interactive.png => wp-includes/images/crystal/interactive.png] OK
[Tue, 05 Feb 2013 13:36:25 +0000] [/Volumes/Machintosh HD/Developpement/Amazon/Wordpress/wp-includes/images/crystal/spreadsheet.png => wp-includes/images/crystal/spreadsheet.png] OK
[Tue, 05 Feb 2013 13:36:25 +0000] [/Volumes/Machintosh HD/Developpement/Amazon/Wordpress/wp-includes/images/crystal/text.png => wp-includes/images/crystal/text.png] OK
[Tue, 05 Feb 2013 13:36:26 +0000] [/Volumes/Machintosh HD/Developpement/Amazon/Wordpress/wp-includes/images/crystal/video.png => wp-includes/images/crystal/video.png] OK
[Tue, 05 Feb 2013 13:36:27 +0000] [/Volumes/Machintosh HD/Developpement/Amazon/Wordpress/wp-includes/images/down_arrow-2x.gif => wp-includes/images/down_arrow-2x.gif] OK
[Tue, 05 Feb 2013 13:36:27 +0000] [/Volumes/Machintosh HD/Developpement/Amazon/Wordpress/wp-includes/images/down_arrow.gif => wp-includes/images/down_arrow.gif] OK
[Tue, 05 Feb 2013 13:36:28 +0000] [/Volumes/Machintosh HD/Developpement/Amazon/Wordpress/wp-includes/images/icon-pointer-flag-2x.png => wp-includes/images/icon-pointer-flag-2x.png] OK
[Tue, 05 Feb 2013 13:36:29 +0000] [/Volumes/Machintosh HD/Developpement/Amazon/Wordpress/wp-includes/images/icon-pointer-flag.png => wp-includes/images/icon-pointer-flag.png] OK
[Tue, 05 Feb 2013 13:36:29 +0000] [/Volumes/Machintosh HD/Developpement/Amazon/Wordpress/wp-includes/images/rss-2x.png => wp-includes/images/rss-2x.png] OK
[Tue, 05 Feb 2013 13:36:30 +0000] [/Volumes/Machintosh HD/Developpement/Amazon/Wordpress/wp-includes/images/rss.png => wp-includes/images/rss.png] OK
[Tue, 05 Feb 2013 13:36:31 +0000] [/Volumes/Machintosh HD/Developpement/Amazon/Wordpress/wp-includes/images/smilies/icon_arrow.gif => wp-includes/images/smilies/icon_arrow.gif] OK
[Tue, 05 Feb 2013 13:36:31 +0000] [/Volumes/Machintosh HD/Developpement/Amazon/Wordpress/wp-includes/images/smilies/icon_biggrin.gif => wp-includes/images/smilies/icon_biggrin.gif] OK
[Tue, 05 Feb 2013 13:36:32 +0000] [/Volumes/Machintosh HD/Developpement/Amazon/Wordpress/wp-includes/images/smilies/icon_confused.gif => wp-includes/images/smilies/icon_confused.gif] OK
[Tue, 05 Feb 2013 13:36:32 +0000] [/Volumes/Machintosh HD/Developpement/Amazon/Wordpress/wp-includes/images/smilies/icon_cool.gif => wp-includes/images/smilies/icon_cool.gif] OK
[Tue, 05 Feb 2013 13:36:33 +0000] [/Volumes/Machintosh HD/Developpement/Amazon/Wordpress/wp-includes/images/smilies/icon_cry.gif => wp-includes/images/smilies/icon_cry.gif] OK
[Tue, 05 Feb 2013 13:36:34 +0000] [/Volumes/Machintosh HD/Developpement/Amazon/Wordpress/wp-includes/images/smilies/icon_eek.gif => wp-includes/images/smilies/icon_eek.gif] OK
[Tue, 05 Feb 2013 13:36:34 +0000] [/Volumes/Machintosh HD/Developpement/Amazon/Wordpress/wp-includes/images/smilies/icon_evil.gif => wp-includes/images/smilies/icon_evil.gif] OK
[Tue, 05 Feb 2013 13:36:35 +0000] [/Volumes/Machintosh HD/Developpement/Amazon/Wordpress/wp-includes/images/smilies/icon_exclaim.gif => wp-includes/images/smilies/icon_exclaim.gif] OK
[Tue, 05 Feb 2013 13:36:36 +0000] [/Volumes/Machintosh HD/Developpement/Amazon/Wordpress/wp-includes/images/smilies/icon_idea.gif => wp-includes/images/smilies/icon_idea.gif] OK
[Tue, 05 Feb 2013 13:36:36 +0000] [/Volumes/Machintosh HD/Developpement/Amazon/Wordpress/wp-includes/images/smilies/icon_lol.gif => wp-includes/images/smilies/icon_lol.gif] OK
[Tue, 05 Feb 2013 13:36:37 +0000] [/Volumes/Machintosh HD/Developpement/Amazon/Wordpress/wp-includes/images/smilies/icon_mad.gif => wp-includes/images/smilies/icon_mad.gif] OK
[Tue, 05 Feb 2013 13:36:37 +0000] [/Volumes/Machintosh HD/Developpement/Amazon/Wordpress/wp-includes/images/smilies/icon_mrgreen.gif => wp-includes/images/smilies/icon_mrgreen.gif] OK
[Tue, 05 Feb 2013 13:36:38 +0000] [/Volumes/Machintosh HD/Developpement/Amazon/Wordpress/wp-includes/images/smilies/icon_neutral.gif => wp-includes/images/smilies/icon_neutral.gif] OK
[Tue, 05 Feb 2013 13:36:39 +0000] [/Volumes/Machintosh HD/Developpement/Amazon/Wordpress/wp-includes/images/smilies/icon_question.gif => wp-includes/images/smilies/icon_question.gif] OK
[Tue, 05 Feb 2013 13:36:41 +0000] [/Volumes/Machintosh HD/Developpement/Amazon/Wordpress/wp-includes/images/smilies/icon_razz.gif => wp-includes/images/smilies/icon_razz.gif] OK
[Tue, 05 Feb 2013 13:36:42 +0000] [/Volumes/Machintosh HD/Developpement/Amazon/Wordpress/wp-includes/images/smilies/icon_redface.gif => wp-includes/images/smilies/icon_redface.gif] OK
[Tue, 05 Feb 2013 13:36:43 +0000] [/Volumes/Machintosh HD/Developpement/Amazon/Wordpress/wp-includes/images/smilies/icon_rolleyes.gif => wp-includes/images/smilies/icon_rolleyes.gif] OK
[Tue, 05 Feb 2013 13:36:43 +0000] [/Volumes/Machintosh HD/Developpement/Amazon/Wordpress/wp-includes/images/smilies/icon_sad.gif => wp-includes/images/smilies/icon_sad.gif] OK
[Tue, 05 Feb 2013 13:36:44 +0000] [/Volumes/Machintosh HD/Developpement/Amazon/Wordpress/wp-includes/images/smilies/icon_smile.gif => wp-includes/images/smilies/icon_smile.gif] OK
[Tue, 05 Feb 2013 13:36:45 +0000] [/Volumes/Machintosh HD/Developpement/Amazon/Wordpress/wp-includes/images/smilies/icon_surprised.gif => wp-includes/images/smilies/icon_surprised.gif] OK
[Tue, 05 Feb 2013 13:36:45 +0000] [/Volumes/Machintosh HD/Developpement/Amazon/Wordpress/wp-includes/images/smilies/icon_twisted.gif => wp-includes/images/smilies/icon_twisted.gif] OK
[Tue, 05 Feb 2013 13:36:46 +0000] [/Volumes/Machintosh HD/Developpement/Amazon/Wordpress/wp-includes/images/smilies/icon_wink.gif => wp-includes/images/smilies/icon_wink.gif] OK
[Tue, 05 Feb 2013 13:36:46 +0000] [/Volumes/Machintosh HD/Developpement/Amazon/Wordpress/wp-includes/images/toggle-arrow-2x.png => wp-includes/images/toggle-arrow-2x.png] OK
[Tue, 05 Feb 2013 13:36:47 +0000] [/Volumes/Machintosh HD/Developpement/Amazon/Wordpress/wp-includes/images/toggle-arrow.png => wp-includes/images/toggle-arrow.png] OK
[Tue, 05 Feb 2013 13:36:48 +0000] [/Volumes/Machintosh HD/Developpement/Amazon/Wordpress/wp-includes/images/uploader-icons-2x.png => wp-includes/images/uploader-icons-2x.png] OK
[Tue, 05 Feb 2013 13:36:48 +0000] [/Volumes/Machintosh HD/Developpement/Amazon/Wordpress/wp-includes/images/uploader-icons.png => wp-includes/images/uploader-icons.png] OK
[Tue, 05 Feb 2013 13:36:49 +0000] [/Volumes/Machintosh HD/Developpement/Amazon/Wordpress/wp-includes/images/wlw/wp-comments.png => wp-includes/images/wlw/wp-comments.png] OK
[Tue, 05 Feb 2013 13:36:49 +0000] [/Volumes/Machintosh HD/Developpement/Amazon/Wordpress/wp-includes/images/wlw/wp-icon.png => wp-includes/images/wlw/wp-icon.png] OK
[Tue, 05 Feb 2013 13:36:50 +0000] [/Volumes/Machintosh HD/Developpement/Amazon/Wordpress/wp-includes/images/wlw/wp-watermark.png => wp-includes/images/wlw/wp-watermark.png] OK
[Tue, 05 Feb 2013 13:36:52 +0000] [/Volumes/Machintosh HD/Developpement/Amazon/Wordpress/wp-includes/images/wpicons-2x.png => wp-includes/images/wpicons-2x.png] OK
[Tue, 05 Feb 2013 13:36:53 +0000] [/Volumes/Machintosh HD/Developpement/Amazon/Wordpress/wp-includes/images/wpicons.png => wp-includes/images/wpicons.png] OK
[Tue, 05 Feb 2013 13:36:53 +0000] [/Volumes/Machintosh HD/Developpement/Amazon/Wordpress/wp-includes/images/wpmini-blue-2x.png => wp-includes/images/wpmini-blue-2x.png] OK
[Tue, 05 Feb 2013 13:36:54 +0000] [/Volumes/Machintosh HD/Developpement/Amazon/Wordpress/wp-includes/images/wpmini-blue.png => wp-includes/images/wpmini-blue.png] OK
[Tue, 05 Feb 2013 13:36:55 +0000] [/Volumes/Machintosh HD/Developpement/Amazon/Wordpress/wp-includes/images/wpspin-2x.gif => wp-includes/images/wpspin-2x.gif] OK
[Tue, 05 Feb 2013 13:36:55 +0000] [/Volumes/Machintosh HD/Developpement/Amazon/Wordpress/wp-includes/images/wpspin.gif => wp-includes/images/wpspin.gif] OK
[Tue, 05 Feb 2013 13:36:56 +0000] [/Volumes/Machintosh HD/Developpement/Amazon/Wordpress/wp-includes/images/xit-2x.gif => wp-includes/images/xit-2x.gif] OK
[Tue, 05 Feb 2013 13:36:56 +0000] [/Volumes/Machintosh HD/Developpement/Amazon/Wordpress/wp-includes/images/xit.gif => wp-includes/images/xit.gif] OK
[Tue, 05 Feb 2013 13:36:57 +0000] [/Volumes/Machintosh HD/Developpement/Amazon/Wordpress/wp-includes/js/admin-bar.js => wp-includes/js/admin-bar.js] OK
[Tue, 05 Feb 2013 13:36:58 +0000] [/Volumes/Machintosh HD/Developpement/Amazon/Wordpress/wp-includes/js/admin-bar.min.js => wp-includes/js/admin-bar.min.js] OK
[Tue, 05 Feb 2013 13:37:00 +0000] [/Volumes/Machintosh HD/Developpement/Amazon/Wordpress/wp-includes/js/autosave.js => wp-includes/js/autosave.js] OK
[Tue, 05 Feb 2013 13:37:01 +0000] [/Volumes/Machintosh HD/Developpement/Amazon/Wordpress/wp-includes/js/autosave.min.js => wp-includes/js/autosave.min.js] OK
[Tue, 05 Feb 2013 13:37:02 +0000] [/Volumes/Machintosh HD/Developpement/Amazon/Wordpress/wp-includes/js/backbone.min.js => wp-includes/js/backbone.min.js] OK
[Tue, 05 Feb 2013 13:37:03 +0000] [/Volumes/Machintosh HD/Developpement/Amazon/Wordpress/wp-includes/js/colorpicker.js => wp-includes/js/colorpicker.js] OK
[Tue, 05 Feb 2013 13:37:05 +0000] [/Volumes/Machintosh HD/Developpement/Amazon/Wordpress/wp-includes/js/colorpicker.min.js => wp-includes/js/colorpicker.min.js] OK
[Tue, 05 Feb 2013 13:37:05 +0000] [/Volumes/Machintosh HD/Developpement/Amazon/Wordpress/wp-includes/js/comment-reply.js => wp-includes/js/comment-reply.js] OK
[Tue, 05 Feb 2013 13:37:06 +0000] [/Volumes/Machintosh HD/Developpement/Amazon/Wordpress/wp-includes/js/comment-reply.min.js => wp-includes/js/comment-reply.min.js] OK
[Tue, 05 Feb 2013 13:37:07 +0000] [/Volumes/Machintosh HD/Developpement/Amazon/Wordpress/wp-includes/js/crop/cropper.css => wp-includes/js/crop/cropper.css] OK
[Tue, 05 Feb 2013 13:37:08 +0000] [/Volumes/Machintosh HD/Developpement/Amazon/Wordpress/wp-includes/js/crop/cropper.js => wp-includes/js/crop/cropper.js] OK
[Tue, 05 Feb 2013 13:37:08 +0000] [/Volumes/Machintosh HD/Developpement/Amazon/Wordpress/wp-includes/js/crop/marqueeHoriz.gif => wp-includes/js/crop/marqueeHoriz.gif] OK
[Tue, 05 Feb 2013 13:37:09 +0000] [/Volumes/Machintosh HD/Developpement/Amazon/Wordpress/wp-includes/js/crop/marqueeVert.gif => wp-includes/js/crop/marqueeVert.gif] OK
[Tue, 05 Feb 2013 13:37:10 +0000] [/Volumes/Machintosh HD/Developpement/Amazon/Wordpress/wp-includes/js/customize-base.js => wp-includes/js/customize-base.js] OK
[Tue, 05 Feb 2013 13:37:11 +0000] [/Volumes/Machintosh HD/Developpement/Amazon/Wordpress/wp-includes/js/customize-base.min.js => wp-includes/js/customize-base.min.js] OK
[Tue, 05 Feb 2013 13:37:11 +0000] [/Volumes/Machintosh HD/Developpement/Amazon/Wordpress/wp-includes/js/customize-loader.js => wp-includes/js/customize-loader.js] OK
[Tue, 05 Feb 2013 13:37:12 +0000] [/Volumes/Machintosh HD/Developpement/Amazon/Wordpress/wp-includes/js/customize-loader.min.js => wp-includes/js/customize-loader.min.js] OK
[Tue, 05 Feb 2013 13:37:12 +0000] [/Volumes/Machintosh HD/Developpement/Amazon/Wordpress/wp-includes/js/customize-preview.js => wp-includes/js/customize-preview.js] OK
[Tue, 05 Feb 2013 13:37:13 +0000] [/Volumes/Machintosh HD/Developpement/Amazon/Wordpress/wp-includes/js/customize-preview.min.js => wp-includes/js/customize-preview.min.js] OK
[Tue, 05 Feb 2013 13:37:13 +0000] [/Volumes/Machintosh HD/Developpement/Amazon/Wordpress/wp-includes/js/hoverIntent.js => wp-includes/js/hoverIntent.js] OK
[Tue, 05 Feb 2013 13:37:14 +0000] [/Volumes/Machintosh HD/Developpement/Amazon/Wordpress/wp-includes/js/hoverIntent.min.js => wp-includes/js/hoverIntent.min.js] OK
[Tue, 05 Feb 2013 13:37:15 +0000] [/Volumes/Machintosh HD/Developpement/Amazon/Wordpress/wp-includes/js/imgareaselect/border-anim-h.gif => wp-includes/js/imgareaselect/border-anim-h.gif] OK
[Tue, 05 Feb 2013 13:37:15 +0000] [/Volumes/Machintosh HD/Developpement/Amazon/Wordpress/wp-includes/js/imgareaselect/border-anim-v.gif => wp-includes/js/imgareaselect/border-anim-v.gif] OK
[Tue, 05 Feb 2013 13:37:16 +0000] [/Volumes/Machintosh HD/Developpement/Amazon/Wordpress/wp-includes/js/imgareaselect/imgareaselect.css => wp-includes/js/imgareaselect/imgareaselect.css] OK
[Tue, 05 Feb 2013 13:37:17 +0000] [/Volumes/Machintosh HD/Developpement/Amazon/Wordpress/wp-includes/js/imgareaselect/jquery.imgareaselect.js => wp-includes/js/imgareaselect/jquery.imgareaselect.js] OK
[Tue, 05 Feb 2013 13:37:18 +0000] [/Volumes/Machintosh HD/Developpement/Amazon/Wordpress/wp-includes/js/imgareaselect/jquery.imgareaselect.min.js => wp-includes/js/imgareaselect/jquery.imgareaselect.min.js] OK
[Tue, 05 Feb 2013 13:37:19 +0000] [/Volumes/Machintosh HD/Developpement/Amazon/Wordpress/wp-includes/js/jcrop/Jcrop.gif => wp-includes/js/jcrop/Jcrop.gif] OK
[Tue, 05 Feb 2013 13:37:22 +0000] [/Volumes/Machintosh HD/Developpement/Amazon/Wordpress/wp-includes/js/jcrop/jquery.Jcrop.min.css => wp-includes/js/jcrop/jquery.Jcrop.min.css] OK
[Tue, 05 Feb 2013 13:37:23 +0000] [/Volumes/Machintosh HD/Developpement/Amazon/Wordpress/wp-includes/js/jcrop/jquery.Jcrop.min.js => wp-includes/js/jcrop/jquery.Jcrop.min.js] OK
[Tue, 05 Feb 2013 13:37:24 +0000] [/Volumes/Machintosh HD/Developpement/Amazon/Wordpress/wp-includes/js/jquery/jquery.color.min.js => wp-includes/js/jquery/jquery.color.min.js] OK
[Tue, 05 Feb 2013 13:37:25 +0000] [/Volumes/Machintosh HD/Developpement/Amazon/Wordpress/wp-includes/js/jquery/jquery.form.js => wp-includes/js/jquery/jquery.form.js] OK
[Tue, 05 Feb 2013 13:37:26 +0000] [/Volumes/Machintosh HD/Developpement/Amazon/Wordpress/wp-includes/js/jquery/jquery.form.min.js => wp-includes/js/jquery/jquery.form.min.js] OK
[Tue, 05 Feb 2013 13:37:27 +0000] [/Volumes/Machintosh HD/Developpement/Amazon/Wordpress/wp-includes/js/jquery/jquery.hotkeys.js => wp-includes/js/jquery/jquery.hotkeys.js] OK
[Tue, 05 Feb 2013 13:37:28 +0000] [/Volumes/Machintosh HD/Developpement/Amazon/Wordpress/wp-includes/js/jquery/jquery.hotkeys.min.js => wp-includes/js/jquery/jquery.hotkeys.min.js] OK
[Tue, 05 Feb 2013 13:37:30 +0000] [/Volumes/Machintosh HD/Developpement/Amazon/Wordpress/wp-includes/js/jquery/jquery.js => wp-includes/js/jquery/jquery.js] OK
[Tue, 05 Feb 2013 13:37:31 +0000] [/Volumes/Machintosh HD/Developpement/Amazon/Wordpress/wp-includes/js/jquery/jquery.masonry.min.js => wp-includes/js/jquery/jquery.masonry.min.js] OK
[Tue, 05 Feb 2013 13:37:32 +0000] [/Volumes/Machintosh HD/Developpement/Amazon/Wordpress/wp-includes/js/jquery/jquery.query.js => wp-includes/js/jquery/jquery.query.js] OK
[Tue, 05 Feb 2013 13:37:33 +0000] [/Volumes/Machintosh HD/Developpement/Amazon/Wordpress/wp-includes/js/jquery/jquery.schedule.js => wp-includes/js/jquery/jquery.schedule.js] OK
[Tue, 05 Feb 2013 13:37:33 +0000] [/Volumes/Machintosh HD/Developpement/Amazon/Wordpress/wp-includes/js/jquery/jquery.serialize-object.js => wp-includes/js/jquery/jquery.serialize-object.js] OK
[Tue, 05 Feb 2013 13:37:34 +0000] [/Volumes/Machintosh HD/Developpement/Amazon/Wordpress/wp-includes/js/jquery/jquery.table-hotkeys.js => wp-includes/js/jquery/jquery.table-hotkeys.js] OK
[Tue, 05 Feb 2013 13:37:35 +0000] [/Volumes/Machintosh HD/Developpement/Amazon/Wordpress/wp-includes/js/jquery/jquery.table-hotkeys.min.js => wp-includes/js/jquery/jquery.table-hotkeys.min.js] OK
[Tue, 05 Feb 2013 13:37:35 +0000] [/Volumes/Machintosh HD/Developpement/Amazon/Wordpress/wp-includes/js/jquery/jquery.ui.touch-punch.js => wp-includes/js/jquery/jquery.ui.touch-punch.js] OK
[Tue, 05 Feb 2013 13:37:36 +0000] [/Volumes/Machintosh HD/Developpement/Amazon/Wordpress/wp-includes/js/jquery/suggest.js => wp-includes/js/jquery/suggest.js] OK
[Tue, 05 Feb 2013 13:37:37 +0000] [/Volumes/Machintosh HD/Developpement/Amazon/Wordpress/wp-includes/js/jquery/suggest.min.js => wp-includes/js/jquery/suggest.min.js] OK
[Tue, 05 Feb 2013 13:37:38 +0000] [/Volumes/Machintosh HD/Developpement/Amazon/Wordpress/wp-includes/js/jquery/ui/jquery.ui.accordion.min.js => wp-includes/js/jquery/ui/jquery.ui.accordion.min.js] OK
[Tue, 05 Feb 2013 13:37:38 +0000] [/Volumes/Machintosh HD/Developpement/Amazon/Wordpress/wp-includes/js/jquery/ui/jquery.ui.autocomplete.min.js => wp-includes/js/jquery/ui/jquery.ui.autocomplete.min.js] OK
[Tue, 05 Feb 2013 13:37:39 +0000] [/Volumes/Machintosh HD/Developpement/Amazon/Wordpress/wp-includes/js/jquery/ui/jquery.ui.button.min.js => wp-includes/js/jquery/ui/jquery.ui.button.min.js] OK
[Tue, 05 Feb 2013 13:37:40 +0000] [/Volumes/Machintosh HD/Developpement/Amazon/Wordpress/wp-includes/js/jquery/ui/jquery.ui.core.min.js => wp-includes/js/jquery/ui/jquery.ui.core.min.js] OK
[Tue, 05 Feb 2013 13:37:41 +0000] [/Volumes/Machintosh HD/Developpement/Amazon/Wordpress/wp-includes/js/jquery/ui/jquery.ui.datepicker.min.js => wp-includes/js/jquery/ui/jquery.ui.datepicker.min.js] OK
[Tue, 05 Feb 2013 13:37:42 +0000] [/Volumes/Machintosh HD/Developpement/Amazon/Wordpress/wp-includes/js/jquery/ui/jquery.ui.dialog.min.js => wp-includes/js/jquery/ui/jquery.ui.dialog.min.js] OK
[Tue, 05 Feb 2013 13:37:43 +0000] [/Volumes/Machintosh HD/Developpement/Amazon/Wordpress/wp-includes/js/jquery/ui/jquery.ui.draggable.min.js => wp-includes/js/jquery/ui/jquery.ui.draggable.min.js] OK
[Tue, 05 Feb 2013 13:37:44 +0000] [/Volumes/Machintosh HD/Developpement/Amazon/Wordpress/wp-includes/js/jquery/ui/jquery.ui.droppable.min.js => wp-includes/js/jquery/ui/jquery.ui.droppable.min.js] OK
[Tue, 05 Feb 2013 13:37:46 +0000] [/Volumes/Machintosh HD/Developpement/Amazon/Wordpress/wp-includes/js/jquery/ui/jquery.ui.effect-blind.min.js => wp-includes/js/jquery/ui/jquery.ui.effect-blind.min.js] OK
[Tue, 05 Feb 2013 13:37:47 +0000] [/Volumes/Machintosh HD/Developpement/Amazon/Wordpress/wp-includes/js/jquery/ui/jquery.ui.effect-bounce.min.js => wp-includes/js/jquery/ui/jquery.ui.effect-bounce.min.js] OK
[Tue, 05 Feb 2013 13:37:48 +0000] [/Volumes/Machintosh HD/Developpement/Amazon/Wordpress/wp-includes/js/jquery/ui/jquery.ui.effect-clip.min.js => wp-includes/js/jquery/ui/jquery.ui.effect-clip.min.js] OK
[Tue, 05 Feb 2013 13:37:49 +0000] [/Volumes/Machintosh HD/Developpement/Amazon/Wordpress/wp-includes/js/jquery/ui/jquery.ui.effect-drop.min.js => wp-includes/js/jquery/ui/jquery.ui.effect-drop.min.js] OK
[Tue, 05 Feb 2013 13:37:50 +0000] [/Volumes/Machintosh HD/Developpement/Amazon/Wordpress/wp-includes/js/jquery/ui/jquery.ui.effect-explode.min.js => wp-includes/js/jquery/ui/jquery.ui.effect-explode.min.js] OK
[Tue, 05 Feb 2013 13:37:51 +0000] [/Volumes/Machintosh HD/Developpement/Amazon/Wordpress/wp-includes/js/jquery/ui/jquery.ui.effect-fade.min.js => wp-includes/js/jquery/ui/jquery.ui.effect-fade.min.js] OK
[Tue, 05 Feb 2013 13:37:51 +0000] [/Volumes/Machintosh HD/Developpement/Amazon/Wordpress/wp-includes/js/jquery/ui/jquery.ui.effect-fold.min.js => wp-includes/js/jquery/ui/jquery.ui.effect-fold.min.js] OK
[Tue, 05 Feb 2013 13:37:52 +0000] [/Volumes/Machintosh HD/Developpement/Amazon/Wordpress/wp-includes/js/jquery/ui/jquery.ui.effect-highlight.min.js => wp-includes/js/jquery/ui/jquery.ui.effect-highlight.min.js] OK
[Tue, 05 Feb 2013 13:37:53 +0000] [/Volumes/Machintosh HD/Developpement/Amazon/Wordpress/wp-includes/js/jquery/ui/jquery.ui.effect-pulsate.min.js => wp-includes/js/jquery/ui/jquery.ui.effect-pulsate.min.js] OK
[Tue, 05 Feb 2013 13:37:55 +0000] [/Volumes/Machintosh HD/Developpement/Amazon/Wordpress/wp-includes/js/jquery/ui/jquery.ui.effect-scale.min.js => wp-includes/js/jquery/ui/jquery.ui.effect-scale.min.js] OK
[Tue, 05 Feb 2013 13:37:56 +0000] [/Volumes/Machintosh HD/Developpement/Amazon/Wordpress/wp-includes/js/jquery/ui/jquery.ui.effect-shake.min.js => wp-includes/js/jquery/ui/jquery.ui.effect-shake.min.js] OK
[Tue, 05 Feb 2013 13:37:57 +0000] [/Volumes/Machintosh HD/Developpement/Amazon/Wordpress/wp-includes/js/jquery/ui/jquery.ui.effect-slide.min.js => wp-includes/js/jquery/ui/jquery.ui.effect-slide.min.js] OK
[Tue, 05 Feb 2013 13:37:58 +0000] [/Volumes/Machintosh HD/Developpement/Amazon/Wordpress/wp-includes/js/jquery/ui/jquery.ui.effect-transfer.min.js => wp-includes/js/jquery/ui/jquery.ui.effect-transfer.min.js] OK
[Tue, 05 Feb 2013 13:37:59 +0000] [/Volumes/Machintosh HD/Developpement/Amazon/Wordpress/wp-includes/js/jquery/ui/jquery.ui.effect.min.js => wp-includes/js/jquery/ui/jquery.ui.effect.min.js] OK
[Tue, 05 Feb 2013 13:38:00 +0000] [/Volumes/Machintosh HD/Developpement/Amazon/Wordpress/wp-includes/js/jquery/ui/jquery.ui.menu.min.js => wp-includes/js/jquery/ui/jquery.ui.menu.min.js] OK
[Tue, 05 Feb 2013 13:38:01 +0000] [/Volumes/Machintosh HD/Developpement/Amazon/Wordpress/wp-includes/js/jquery/ui/jquery.ui.mouse.min.js => wp-includes/js/jquery/ui/jquery.ui.mouse.min.js] OK
[Tue, 05 Feb 2013 13:38:02 +0000] [/Volumes/Machintosh HD/Developpement/Amazon/Wordpress/wp-includes/js/jquery/ui/jquery.ui.position.min.js => wp-includes/js/jquery/ui/jquery.ui.position.min.js] OK
[Tue, 05 Feb 2013 13:38:03 +0000] [/Volumes/Machintosh HD/Developpement/Amazon/Wordpress/wp-includes/js/jquery/ui/jquery.ui.progressbar.min.js => wp-includes/js/jquery/ui/jquery.ui.progressbar.min.js] OK
[Tue, 05 Feb 2013 13:38:03 +0000] [/Volumes/Machintosh HD/Developpement/Amazon/Wordpress/wp-includes/js/jquery/ui/jquery.ui.resizable.min.js => wp-includes/js/jquery/ui/jquery.ui.resizable.min.js] OK
[Tue, 05 Feb 2013 13:38:04 +0000] [/Volumes/Machintosh HD/Developpement/Amazon/Wordpress/wp-includes/js/jquery/ui/jquery.ui.selectable.min.js => wp-includes/js/jquery/ui/jquery.ui.selectable.min.js] OK
[Tue, 05 Feb 2013 13:38:05 +0000] [/Volumes/Machintosh HD/Developpement/Amazon/Wordpress/wp-includes/js/jquery/ui/jquery.ui.slider.min.js => wp-includes/js/jquery/ui/jquery.ui.slider.min.js] OK
[Tue, 05 Feb 2013 13:38:06 +0000] [/Volumes/Machintosh HD/Developpement/Amazon/Wordpress/wp-includes/js/jquery/ui/jquery.ui.sortable.min.js => wp-includes/js/jquery/ui/jquery.ui.sortable.min.js] OK
[Tue, 05 Feb 2013 13:38:07 +0000] [/Volumes/Machintosh HD/Developpement/Amazon/Wordpress/wp-includes/js/jquery/ui/jquery.ui.spinner.min.js => wp-includes/js/jquery/ui/jquery.ui.spinner.min.js] OK
[Tue, 05 Feb 2013 13:38:08 +0000] [/Volumes/Machintosh HD/Developpement/Amazon/Wordpress/wp-includes/js/jquery/ui/jquery.ui.tabs.min.js => wp-includes/js/jquery/ui/jquery.ui.tabs.min.js] OK
[Tue, 05 Feb 2013 13:38:08 +0000] [/Volumes/Machintosh HD/Developpement/Amazon/Wordpress/wp-includes/js/jquery/ui/jquery.ui.tooltip.min.js => wp-includes/js/jquery/ui/jquery.ui.tooltip.min.js] OK
[Tue, 05 Feb 2013 13:38:10 +0000] [/Volumes/Machintosh HD/Developpement/Amazon/Wordpress/wp-includes/js/jquery/ui/jquery.ui.widget.min.js => wp-includes/js/jquery/ui/jquery.ui.widget.min.js] OK
[Tue, 05 Feb 2013 13:38:11 +0000] [/Volumes/Machintosh HD/Developpement/Amazon/Wordpress/wp-includes/js/json2.js => wp-includes/js/json2.js] OK
[Tue, 05 Feb 2013 13:38:12 +0000] [/Volumes/Machintosh HD/Developpement/Amazon/Wordpress/wp-includes/js/json2.min.js => wp-includes/js/json2.min.js] OK
[Tue, 05 Feb 2013 13:38:12 +0000] [/Volumes/Machintosh HD/Developpement/Amazon/Wordpress/wp-includes/js/mce-view.js => wp-includes/js/mce-view.js] OK
[Tue, 05 Feb 2013 13:38:13 +0000] [/Volumes/Machintosh HD/Developpement/Amazon/Wordpress/wp-includes/js/mce-view.min.js => wp-includes/js/mce-view.min.js] OK
[Tue, 05 Feb 2013 13:38:14 +0000] [/Volumes/Machintosh HD/Developpement/Amazon/Wordpress/wp-includes/js/media-editor.js => wp-includes/js/media-editor.js] OK
[Tue, 05 Feb 2013 13:38:14 +0000] [/Volumes/Machintosh HD/Developpement/Amazon/Wordpress/wp-includes/js/media-editor.min.js => wp-includes/js/media-editor.min.js] OK
[Tue, 05 Feb 2013 13:38:15 +0000] [/Volumes/Machintosh HD/Developpement/Amazon/Wordpress/wp-includes/js/media-models.js => wp-includes/js/media-models.js] OK
[Tue, 05 Feb 2013 13:38:16 +0000] [/Volumes/Machintosh HD/Developpement/Amazon/Wordpress/wp-includes/js/media-models.min.js => wp-includes/js/media-models.min.js] OK
[Tue, 05 Feb 2013 13:38:17 +0000] [/Volumes/Machintosh HD/Developpement/Amazon/Wordpress/wp-includes/js/media-views.js => wp-includes/js/media-views.js] OK
[Tue, 05 Feb 2013 13:38:19 +0000] [/Volumes/Machintosh HD/Developpement/Amazon/Wordpress/wp-includes/js/media-views.min.js => wp-includes/js/media-views.min.js] OK
[Tue, 05 Feb 2013 13:38:20 +0000] [/Volumes/Machintosh HD/Developpement/Amazon/Wordpress/wp-includes/js/plupload/handlers.js => wp-includes/js/plupload/handlers.js] OK
[Tue, 05 Feb 2013 13:38:21 +0000] [/Volumes/Machintosh HD/Developpement/Amazon/Wordpress/wp-includes/js/plupload/handlers.min.js => wp-includes/js/plupload/handlers.min.js] OK
[Tue, 05 Feb 2013 13:38:21 +0000] [/Volumes/Machintosh HD/Developpement/Amazon/Wordpress/wp-includes/js/plupload/plupload.flash.js => wp-includes/js/plupload/plupload.flash.js] OK
[Tue, 05 Feb 2013 13:38:22 +0000] [/Volumes/Machintosh HD/Developpement/Amazon/Wordpress/wp-includes/js/plupload/plupload.html4.js => wp-includes/js/plupload/plupload.html4.js] OK
[Tue, 05 Feb 2013 13:38:23 +0000] [/Volumes/Machintosh HD/Developpement/Amazon/Wordpress/wp-includes/js/plupload/plupload.html5.js => wp-includes/js/plupload/plupload.html5.js] OK
[Tue, 05 Feb 2013 13:38:24 +0000] [/Volumes/Machintosh HD/Developpement/Amazon/Wordpress/wp-includes/js/plupload/plupload.js => wp-includes/js/plupload/plupload.js] OK
[Tue, 05 Feb 2013 13:38:24 +0000] [/Volumes/Machintosh HD/Developpement/Amazon/Wordpress/wp-includes/js/plupload/plupload.silverlight.js => wp-includes/js/plupload/plupload.silverlight.js] OK
[Tue, 05 Feb 2013 13:38:25 +0000] [/Volumes/Machintosh HD/Developpement/Amazon/Wordpress/wp-includes/js/plupload/wp-plupload.js => wp-includes/js/plupload/wp-plupload.js] OK
[Tue, 05 Feb 2013 13:38:26 +0000] [/Volumes/Machintosh HD/Developpement/Amazon/Wordpress/wp-includes/js/plupload/wp-plupload.min.js => wp-includes/js/plupload/wp-plupload.min.js] OK
[Tue, 05 Feb 2013 13:38:27 +0000] [/Volumes/Machintosh HD/Developpement/Amazon/Wordpress/wp-includes/js/quicktags.js => wp-includes/js/quicktags.js] OK
[Tue, 05 Feb 2013 13:38:27 +0000] [/Volumes/Machintosh HD/Developpement/Amazon/Wordpress/wp-includes/js/quicktags.min.js => wp-includes/js/quicktags.min.js] OK
[Tue, 05 Feb 2013 13:38:28 +0000] [/Volumes/Machintosh HD/Developpement/Amazon/Wordpress/wp-includes/js/shortcode.js => wp-includes/js/shortcode.js] OK
[Tue, 05 Feb 2013 13:38:28 +0000] [/Volumes/Machintosh HD/Developpement/Amazon/Wordpress/wp-includes/js/shortcode.min.js => wp-includes/js/shortcode.min.js] OK
[Tue, 05 Feb 2013 13:38:29 +0000] [/Volumes/Machintosh HD/Developpement/Amazon/Wordpress/wp-includes/js/swfobject.js => wp-includes/js/swfobject.js] OK
[Tue, 05 Feb 2013 13:38:32 +0000] [/Volumes/Machintosh HD/Developpement/Amazon/Wordpress/wp-includes/js/swfupload/handlers.js => wp-includes/js/swfupload/handlers.js] OK
[Tue, 05 Feb 2013 13:38:33 +0000] [/Volumes/Machintosh HD/Developpement/Amazon/Wordpress/wp-includes/js/swfupload/handlers.min.js => wp-includes/js/swfupload/handlers.min.js] OK
[Tue, 05 Feb 2013 13:38:34 +0000] [/Volumes/Machintosh HD/Developpement/Amazon/Wordpress/wp-includes/js/swfupload/plugins/swfupload.cookies.js => wp-includes/js/swfupload/plugins/swfupload.cookies.js] OK
[Tue, 05 Feb 2013 13:38:35 +0000] [/Volumes/Machintosh HD/Developpement/Amazon/Wordpress/wp-includes/js/swfupload/plugins/swfupload.queue.js => wp-includes/js/swfupload/plugins/swfupload.queue.js] OK
[Tue, 05 Feb 2013 13:38:35 +0000] [/Volumes/Machintosh HD/Developpement/Amazon/Wordpress/wp-includes/js/swfupload/plugins/swfupload.speed.js => wp-includes/js/swfupload/plugins/swfupload.speed.js] OK
[Tue, 05 Feb 2013 13:38:36 +0000] [/Volumes/Machintosh HD/Developpement/Amazon/Wordpress/wp-includes/js/swfupload/plugins/swfupload.swfobject.js => wp-includes/js/swfupload/plugins/swfupload.swfobject.js] OK
[Tue, 05 Feb 2013 13:38:37 +0000] [/Volumes/Machintosh HD/Developpement/Amazon/Wordpress/wp-includes/js/swfupload/swfupload-all.js => wp-includes/js/swfupload/swfupload-all.js] OK
[Tue, 05 Feb 2013 13:38:38 +0000] [/Volumes/Machintosh HD/Developpement/Amazon/Wordpress/wp-includes/js/swfupload/swfupload.js => wp-includes/js/swfupload/swfupload.js] OK
[Tue, 05 Feb 2013 13:38:39 +0000] [/Volumes/Machintosh HD/Developpement/Amazon/Wordpress/wp-includes/js/thickbox/loadingAnimation.gif => wp-includes/js/thickbox/loadingAnimation.gif] OK
[Tue, 05 Feb 2013 13:38:40 +0000] [/Volumes/Machintosh HD/Developpement/Amazon/Wordpress/wp-includes/js/thickbox/macFFBgHack.png => wp-includes/js/thickbox/macFFBgHack.png] OK
[Tue, 05 Feb 2013 13:38:40 +0000] [/Volumes/Machintosh HD/Developpement/Amazon/Wordpress/wp-includes/js/thickbox/tb-close-2x.png => wp-includes/js/thickbox/tb-close-2x.png] OK
[Tue, 05 Feb 2013 13:38:41 +0000] [/Volumes/Machintosh HD/Developpement/Amazon/Wordpress/wp-includes/js/thickbox/tb-close.png => wp-includes/js/thickbox/tb-close.png] OK
[Tue, 05 Feb 2013 13:38:42 +0000] [/Volumes/Machintosh HD/Developpement/Amazon/Wordpress/wp-includes/js/thickbox/thickbox.css => wp-includes/js/thickbox/thickbox.css] OK
[Tue, 05 Feb 2013 13:38:42 +0000] [/Volumes/Machintosh HD/Developpement/Amazon/Wordpress/wp-includes/js/thickbox/thickbox.js => wp-includes/js/thickbox/thickbox.js] OK
[Tue, 05 Feb 2013 13:38:43 +0000] [/Volumes/Machintosh HD/Developpement/Amazon/Wordpress/wp-includes/js/tinymce/langs/wp-langs-en.js => wp-includes/js/tinymce/langs/wp-langs-en.js] OK
[Tue, 05 Feb 2013 13:38:44 +0000] [/Volumes/Machintosh HD/Developpement/Amazon/Wordpress/wp-includes/js/tinymce/mark_loaded_src.js => wp-includes/js/tinymce/mark_loaded_src.js] OK
[Tue, 05 Feb 2013 13:38:45 +0000] [/Volumes/Machintosh HD/Developpement/Amazon/Wordpress/wp-includes/js/tinymce/plugins/directionality/editor_plugin.js => wp-includes/js/tinymce/plugins/directionality/editor_plugin.js] OK
[Tue, 05 Feb 2013 13:38:46 +0000] [/Volumes/Machintosh HD/Developpement/Amazon/Wordpress/wp-includes/js/tinymce/plugins/directionality/editor_plugin_src.js => wp-includes/js/tinymce/plugins/directionality/editor_plugin_src.js] OK
[Tue, 05 Feb 2013 13:38:47 +0000] [/Volumes/Machintosh HD/Developpement/Amazon/Wordpress/wp-includes/js/tinymce/plugins/fullscreen/editor_plugin.js => wp-includes/js/tinymce/plugins/fullscreen/editor_plugin.js] OK
[Tue, 05 Feb 2013 13:38:48 +0000] [/Volumes/Machintosh HD/Developpement/Amazon/Wordpress/wp-includes/js/tinymce/plugins/fullscreen/editor_plugin_src.js => wp-includes/js/tinymce/plugins/fullscreen/editor_plugin_src.js] OK
[Tue, 05 Feb 2013 13:38:49 +0000] [/Volumes/Machintosh HD/Developpement/Amazon/Wordpress/wp-includes/js/tinymce/plugins/inlinepopups/editor_plugin.js => wp-includes/js/tinymce/plugins/inlinepopups/editor_plugin.js] OK
[Tue, 05 Feb 2013 13:38:50 +0000] [/Volumes/Machintosh HD/Developpement/Amazon/Wordpress/wp-includes/js/tinymce/plugins/inlinepopups/editor_plugin_src.js => wp-includes/js/tinymce/plugins/inlinepopups/editor_plugin_src.js] OK
[Tue, 05 Feb 2013 13:38:51 +0000] [/Volumes/Machintosh HD/Developpement/Amazon/Wordpress/wp-includes/js/tinymce/plugins/inlinepopups/skins/clearlooks2/img/alert.gif => wp-includes/js/tinymce/plugins/inlinepopups/skins/clearlooks2/img/alert.gif] OK
[Tue, 05 Feb 2013 13:38:52 +0000] [/Volumes/Machintosh HD/Developpement/Amazon/Wordpress/wp-includes/js/tinymce/plugins/inlinepopups/skins/clearlooks2/img/button.gif => wp-includes/js/tinymce/plugins/inlinepopups/skins/clearlooks2/img/button.gif] OK
[Tue, 05 Feb 2013 13:38:53 +0000] [/Volumes/Machintosh HD/Developpement/Amazon/Wordpress/wp-includes/js/tinymce/plugins/inlinepopups/skins/clearlooks2/img/buttons.gif => wp-includes/js/tinymce/plugins/inlinepopups/skins/clearlooks2/img/buttons.gif] OK
[Tue, 05 Feb 2013 13:38:56 +0000] [/Volumes/Machintosh HD/Developpement/Amazon/Wordpress/wp-includes/js/tinymce/plugins/inlinepopups/skins/clearlooks2/img/confirm.gif => wp-includes/js/tinymce/plugins/inlinepopups/skins/clearlooks2/img/confirm.gif] OK
[Tue, 05 Feb 2013 13:38:57 +0000] [/Volumes/Machintosh HD/Developpement/Amazon/Wordpress/wp-includes/js/tinymce/plugins/inlinepopups/skins/clearlooks2/img/corners.gif => wp-includes/js/tinymce/plugins/inlinepopups/skins/clearlooks2/img/corners.gif] OK
[Tue, 05 Feb 2013 13:38:58 +0000] [/Volumes/Machintosh HD/Developpement/Amazon/Wordpress/wp-includes/js/tinymce/plugins/inlinepopups/skins/clearlooks2/img/drag.gif => wp-includes/js/tinymce/plugins/inlinepopups/skins/clearlooks2/img/drag.gif] OK
[Tue, 05 Feb 2013 13:38:59 +0000] [/Volumes/Machintosh HD/Developpement/Amazon/Wordpress/wp-includes/js/tinymce/plugins/inlinepopups/skins/clearlooks2/img/horizontal.gif => wp-includes/js/tinymce/plugins/inlinepopups/skins/clearlooks2/img/horizontal.gif] OK
[Tue, 05 Feb 2013 13:39:00 +0000] [/Volumes/Machintosh HD/Developpement/Amazon/Wordpress/wp-includes/js/tinymce/plugins/inlinepopups/skins/clearlooks2/img/vertical.gif => wp-includes/js/tinymce/plugins/inlinepopups/skins/clearlooks2/img/vertical.gif] OK
[Tue, 05 Feb 2013 13:39:01 +0000] [/Volumes/Machintosh HD/Developpement/Amazon/Wordpress/wp-includes/js/tinymce/plugins/inlinepopups/skins/clearlooks2/window.css => wp-includes/js/tinymce/plugins/inlinepopups/skins/clearlooks2/window.css] OK
[Tue, 05 Feb 2013 13:39:02 +0000] [/Volumes/Machintosh HD/Developpement/Amazon/Wordpress/wp-includes/js/tinymce/plugins/media/css/media.css => wp-includes/js/tinymce/plugins/media/css/media.css] OK
[Tue, 05 Feb 2013 13:39:03 +0000] [/Volumes/Machintosh HD/Developpement/Amazon/Wordpress/wp-includes/js/tinymce/plugins/media/editor_plugin.js => wp-includes/js/tinymce/plugins/media/editor_plugin.js] OK
[Tue, 05 Feb 2013 13:39:04 +0000] [/Volumes/Machintosh HD/Developpement/Amazon/Wordpress/wp-includes/js/tinymce/plugins/media/editor_plugin_src.js => wp-includes/js/tinymce/plugins/media/editor_plugin_src.js] OK
[Tue, 05 Feb 2013 13:39:05 +0000] [/Volumes/Machintosh HD/Developpement/Amazon/Wordpress/wp-includes/js/tinymce/plugins/media/js/embed.js => wp-includes/js/tinymce/plugins/media/js/embed.js] OK
[Tue, 05 Feb 2013 13:39:06 +0000] [/Volumes/Machintosh HD/Developpement/Amazon/Wordpress/wp-includes/js/tinymce/plugins/media/js/media.js => wp-includes/js/tinymce/plugins/media/js/media.js] OK
[Tue, 05 Feb 2013 13:39:07 +0000] [/Volumes/Machintosh HD/Developpement/Amazon/Wordpress/wp-includes/js/tinymce/plugins/paste/editor_plugin.js => wp-includes/js/tinymce/plugins/paste/editor_plugin.js] OK
[Tue, 05 Feb 2013 13:39:08 +0000] [/Volumes/Machintosh HD/Developpement/Amazon/Wordpress/wp-includes/js/tinymce/plugins/paste/editor_plugin_src.js => wp-includes/js/tinymce/plugins/paste/editor_plugin_src.js] OK
[Tue, 05 Feb 2013 13:39:09 +0000] [/Volumes/Machintosh HD/Developpement/Amazon/Wordpress/wp-includes/js/tinymce/plugins/paste/js/pastetext.js => wp-includes/js/tinymce/plugins/paste/js/pastetext.js] OK
[Tue, 05 Feb 2013 13:39:10 +0000] [/Volumes/Machintosh HD/Developpement/Amazon/Wordpress/wp-includes/js/tinymce/plugins/paste/js/pasteword.js => wp-includes/js/tinymce/plugins/paste/js/pasteword.js] OK
[Tue, 05 Feb 2013 13:39:11 +0000] [/Volumes/Machintosh HD/Developpement/Amazon/Wordpress/wp-includes/js/tinymce/plugins/spellchecker/css/content.css => wp-includes/js/tinymce/plugins/spellchecker/css/content.css] OK
[Tue, 05 Feb 2013 13:39:12 +0000] [/Volumes/Machintosh HD/Developpement/Amazon/Wordpress/wp-includes/js/tinymce/plugins/spellchecker/editor_plugin.js => wp-includes/js/tinymce/plugins/spellchecker/editor_plugin.js] OK
[Tue, 05 Feb 2013 13:39:13 +0000] [/Volumes/Machintosh HD/Developpement/Amazon/Wordpress/wp-includes/js/tinymce/plugins/spellchecker/editor_plugin_src.js => wp-includes/js/tinymce/plugins/spellchecker/editor_plugin_src.js] OK
[Tue, 05 Feb 2013 13:39:14 +0000] [/Volumes/Machintosh HD/Developpement/Amazon/Wordpress/wp-includes/js/tinymce/plugins/spellchecker/img/wline.gif => wp-includes/js/tinymce/plugins/spellchecker/img/wline.gif] OK
[Tue, 05 Feb 2013 13:39:15 +0000] [/Volumes/Machintosh HD/Developpement/Amazon/Wordpress/wp-includes/js/tinymce/plugins/tabfocus/editor_plugin.js => wp-includes/js/tinymce/plugins/tabfocus/editor_plugin.js] OK
[Tue, 05 Feb 2013 13:39:16 +0000] [/Volumes/Machintosh HD/Developpement/Amazon/Wordpress/wp-includes/js/tinymce/plugins/tabfocus/editor_plugin_src.js => wp-includes/js/tinymce/plugins/tabfocus/editor_plugin_src.js] OK
[Tue, 05 Feb 2013 13:39:17 +0000] [/Volumes/Machintosh HD/Developpement/Amazon/Wordpress/wp-includes/js/tinymce/plugins/wordpress/editor_plugin.js => wp-includes/js/tinymce/plugins/wordpress/editor_plugin.js] OK
[Tue, 05 Feb 2013 13:39:17 +0000] [/Volumes/Machintosh HD/Developpement/Amazon/Wordpress/wp-includes/js/tinymce/plugins/wordpress/editor_plugin_src.js => wp-includes/js/tinymce/plugins/wordpress/editor_plugin_src.js] OK
[Tue, 05 Feb 2013 13:39:18 +0000] [/Volumes/Machintosh HD/Developpement/Amazon/Wordpress/wp-includes/js/tinymce/plugins/wordpress/img/audio.gif => wp-includes/js/tinymce/plugins/wordpress/img/audio.gif] OK
[Tue, 05 Feb 2013 13:39:19 +0000] [/Volumes/Machintosh HD/Developpement/Amazon/Wordpress/wp-includes/js/tinymce/plugins/wordpress/img/image.gif => wp-includes/js/tinymce/plugins/wordpress/img/image.gif] OK
[Tue, 05 Feb 2013 13:39:21 +0000] [/Volumes/Machintosh HD/Developpement/Amazon/Wordpress/wp-includes/js/tinymce/plugins/wordpress/img/media.gif => wp-includes/js/tinymce/plugins/wordpress/img/media.gif] OK
[Tue, 05 Feb 2013 13:39:22 +0000] [/Volumes/Machintosh HD/Developpement/Amazon/Wordpress/wp-includes/js/tinymce/plugins/wordpress/img/page.gif => wp-includes/js/tinymce/plugins/wordpress/img/page.gif] OK
[Tue, 05 Feb 2013 13:39:23 +0000] [/Volumes/Machintosh HD/Developpement/Amazon/Wordpress/wp-includes/js/tinymce/plugins/wordpress/img/trans.gif => wp-includes/js/tinymce/plugins/wordpress/img/trans.gif] OK
[Tue, 05 Feb 2013 13:39:24 +0000] [/Volumes/Machintosh HD/Developpement/Amazon/Wordpress/wp-includes/js/tinymce/plugins/wordpress/img/video.gif => wp-includes/js/tinymce/plugins/wordpress/img/video.gif] OK
[Tue, 05 Feb 2013 13:39:25 +0000] [/Volumes/Machintosh HD/Developpement/Amazon/Wordpress/wp-includes/js/tinymce/plugins/wpdialogs/editor_plugin.js => wp-includes/js/tinymce/plugins/wpdialogs/editor_plugin.js] OK
[Tue, 05 Feb 2013 13:39:25 +0000] [/Volumes/Machintosh HD/Developpement/Amazon/Wordpress/wp-includes/js/tinymce/plugins/wpdialogs/editor_plugin_src.js => wp-includes/js/tinymce/plugins/wpdialogs/editor_plugin_src.js] OK
[Tue, 05 Feb 2013 13:39:26 +0000] [/Volumes/Machintosh HD/Developpement/Amazon/Wordpress/wp-includes/js/tinymce/plugins/wpdialogs/js/popup.js => wp-includes/js/tinymce/plugins/wpdialogs/js/popup.js] OK
[Tue, 05 Feb 2013 13:39:27 +0000] [/Volumes/Machintosh HD/Developpement/Amazon/Wordpress/wp-includes/js/tinymce/plugins/wpdialogs/js/popup.min.js => wp-includes/js/tinymce/plugins/wpdialogs/js/popup.min.js] OK
[Tue, 05 Feb 2013 13:39:28 +0000] [/Volumes/Machintosh HD/Developpement/Amazon/Wordpress/wp-includes/js/tinymce/plugins/wpdialogs/js/wpdialog.js => wp-includes/js/tinymce/plugins/wpdialogs/js/wpdialog.js] OK
[Tue, 05 Feb 2013 13:39:29 +0000] [/Volumes/Machintosh HD/Developpement/Amazon/Wordpress/wp-includes/js/tinymce/plugins/wpdialogs/js/wpdialog.min.js => wp-includes/js/tinymce/plugins/wpdialogs/js/wpdialog.min.js] OK
[Tue, 05 Feb 2013 13:39:30 +0000] [/Volumes/Machintosh HD/Developpement/Amazon/Wordpress/wp-includes/js/tinymce/plugins/wpeditimage/css/editimage.css => wp-includes/js/tinymce/plugins/wpeditimage/css/editimage.css] OK
[Tue, 05 Feb 2013 13:39:31 +0000] [/Volumes/Machintosh HD/Developpement/Amazon/Wordpress/wp-includes/js/tinymce/plugins/wpeditimage/editor_plugin.js => wp-includes/js/tinymce/plugins/wpeditimage/editor_plugin.js] OK
[Tue, 05 Feb 2013 13:39:32 +0000] [/Volumes/Machintosh HD/Developpement/Amazon/Wordpress/wp-includes/js/tinymce/plugins/wpeditimage/editor_plugin_src.js => wp-includes/js/tinymce/plugins/wpeditimage/editor_plugin_src.js] OK
[Tue, 05 Feb 2013 13:39:33 +0000] [/Volumes/Machintosh HD/Developpement/Amazon/Wordpress/wp-includes/js/tinymce/plugins/wpeditimage/img/delete-2x.png => wp-includes/js/tinymce/plugins/wpeditimage/img/delete-2x.png] OK
[Tue, 05 Feb 2013 13:39:34 +0000] [/Volumes/Machintosh HD/Developpement/Amazon/Wordpress/wp-includes/js/tinymce/plugins/wpeditimage/img/delete.png => wp-includes/js/tinymce/plugins/wpeditimage/img/delete.png] OK
[Tue, 05 Feb 2013 13:39:34 +0000] [/Volumes/Machintosh HD/Developpement/Amazon/Wordpress/wp-includes/js/tinymce/plugins/wpeditimage/img/image-2x.png => wp-includes/js/tinymce/plugins/wpeditimage/img/image-2x.png] OK
[Tue, 05 Feb 2013 13:39:35 +0000] [/Volumes/Machintosh HD/Developpement/Amazon/Wordpress/wp-includes/js/tinymce/plugins/wpeditimage/img/image.png => wp-includes/js/tinymce/plugins/wpeditimage/img/image.png] OK
[Tue, 05 Feb 2013 13:39:37 +0000] [/Volumes/Machintosh HD/Developpement/Amazon/Wordpress/wp-includes/js/tinymce/plugins/wpeditimage/js/editimage.js => wp-includes/js/tinymce/plugins/wpeditimage/js/editimage.js] OK
[Tue, 05 Feb 2013 13:39:38 +0000] [/Volumes/Machintosh HD/Developpement/Amazon/Wordpress/wp-includes/js/tinymce/plugins/wpeditimage/js/editimage.min.js => wp-includes/js/tinymce/plugins/wpeditimage/js/editimage.min.js] OK
[Tue, 05 Feb 2013 13:39:39 +0000] [/Volumes/Machintosh HD/Developpement/Amazon/Wordpress/wp-includes/js/tinymce/plugins/wpfullscreen/css/wp-fullscreen.css => wp-includes/js/tinymce/plugins/wpfullscreen/css/wp-fullscreen.css] OK
[Tue, 05 Feb 2013 13:39:40 +0000] [/Volumes/Machintosh HD/Developpement/Amazon/Wordpress/wp-includes/js/tinymce/plugins/wpfullscreen/editor_plugin.js => wp-includes/js/tinymce/plugins/wpfullscreen/editor_plugin.js] OK
[Tue, 05 Feb 2013 13:39:41 +0000] [/Volumes/Machintosh HD/Developpement/Amazon/Wordpress/wp-includes/js/tinymce/plugins/wpfullscreen/editor_plugin_src.js => wp-includes/js/tinymce/plugins/wpfullscreen/editor_plugin_src.js] OK
[Tue, 05 Feb 2013 13:39:42 +0000] [/Volumes/Machintosh HD/Developpement/Amazon/Wordpress/wp-includes/js/tinymce/plugins/wpgallery/editor_plugin.js => wp-includes/js/tinymce/plugins/wpgallery/editor_plugin.js] OK
[Tue, 05 Feb 2013 13:39:43 +0000] [/Volumes/Machintosh HD/Developpement/Amazon/Wordpress/wp-includes/js/tinymce/plugins/wpgallery/editor_plugin_src.js => wp-includes/js/tinymce/plugins/wpgallery/editor_plugin_src.js] OK
[Tue, 05 Feb 2013 13:39:44 +0000] [/Volumes/Machintosh HD/Developpement/Amazon/Wordpress/wp-includes/js/tinymce/plugins/wpgallery/img/delete-2x.png => wp-includes/js/tinymce/plugins/wpgallery/img/delete-2x.png] OK
[Tue, 05 Feb 2013 13:39:47 +0000] [/Volumes/Machintosh HD/Developpement/Amazon/Wordpress/wp-includes/js/tinymce/plugins/wpgallery/img/delete.png => wp-includes/js/tinymce/plugins/wpgallery/img/delete.png] OK
[Tue, 05 Feb 2013 13:39:48 +0000] [/Volumes/Machintosh HD/Developpement/Amazon/Wordpress/wp-includes/js/tinymce/plugins/wpgallery/img/edit-2x.png => wp-includes/js/tinymce/plugins/wpgallery/img/edit-2x.png] OK
[Tue, 05 Feb 2013 13:39:49 +0000] [/Volumes/Machintosh HD/Developpement/Amazon/Wordpress/wp-includes/js/tinymce/plugins/wpgallery/img/edit.png => wp-includes/js/tinymce/plugins/wpgallery/img/edit.png] OK
[Tue, 05 Feb 2013 13:39:49 +0000] [/Volumes/Machintosh HD/Developpement/Amazon/Wordpress/wp-includes/js/tinymce/plugins/wpgallery/img/t.gif => wp-includes/js/tinymce/plugins/wpgallery/img/t.gif] OK
[Tue, 05 Feb 2013 13:39:50 +0000] [/Volumes/Machintosh HD/Developpement/Amazon/Wordpress/wp-includes/js/tinymce/plugins/wplink/editor_plugin.js => wp-includes/js/tinymce/plugins/wplink/editor_plugin.js] OK
[Tue, 05 Feb 2013 13:39:51 +0000] [/Volumes/Machintosh HD/Developpement/Amazon/Wordpress/wp-includes/js/tinymce/plugins/wplink/editor_plugin_src.js => wp-includes/js/tinymce/plugins/wplink/editor_plugin_src.js] OK
[Tue, 05 Feb 2013 13:39:52 +0000] [/Volumes/Machintosh HD/Developpement/Amazon/Wordpress/wp-includes/js/tinymce/plugins/wpview/editor_plugin.js => wp-includes/js/tinymce/plugins/wpview/editor_plugin.js] OK
[Tue, 05 Feb 2013 13:39:53 +0000] [/Volumes/Machintosh HD/Developpement/Amazon/Wordpress/wp-includes/js/tinymce/plugins/wpview/editor_plugin_src.js => wp-includes/js/tinymce/plugins/wpview/editor_plugin_src.js] OK
[Tue, 05 Feb 2013 13:39:54 +0000] [/Volumes/Machintosh HD/Developpement/Amazon/Wordpress/wp-includes/js/tinymce/themes/advanced/editor_template.js => wp-includes/js/tinymce/themes/advanced/editor_template.js] OK
[Tue, 05 Feb 2013 13:39:56 +0000] [/Volumes/Machintosh HD/Developpement/Amazon/Wordpress/wp-includes/js/tinymce/themes/advanced/editor_template_src.js => wp-includes/js/tinymce/themes/advanced/editor_template_src.js] OK
[Tue, 05 Feb 2013 13:39:57 +0000] [/Volumes/Machintosh HD/Developpement/Amazon/Wordpress/wp-includes/js/tinymce/themes/advanced/img/colorpicker.jpg => wp-includes/js/tinymce/themes/advanced/img/colorpicker.jpg] OK
[Tue, 05 Feb 2013 13:39:58 +0000] [/Volumes/Machintosh HD/Developpement/Amazon/Wordpress/wp-includes/js/tinymce/themes/advanced/img/flash.gif => wp-includes/js/tinymce/themes/advanced/img/flash.gif] OK
[Tue, 05 Feb 2013 13:39:59 +0000] [/Volumes/Machintosh HD/Developpement/Amazon/Wordpress/wp-includes/js/tinymce/themes/advanced/img/gotmoxie.png => wp-includes/js/tinymce/themes/advanced/img/gotmoxie.png] OK
[Tue, 05 Feb 2013 13:40:01 +0000] [/Volumes/Machintosh HD/Developpement/Amazon/Wordpress/wp-includes/js/tinymce/themes/advanced/img/icons.gif => wp-includes/js/tinymce/themes/advanced/img/icons.gif] OK
[Tue, 05 Feb 2013 13:40:02 +0000] [/Volumes/Machintosh HD/Developpement/Amazon/Wordpress/wp-includes/js/tinymce/themes/advanced/img/iframe.gif => wp-includes/js/tinymce/themes/advanced/img/iframe.gif] OK
[Tue, 05 Feb 2013 13:40:03 +0000] [/Volumes/Machintosh HD/Developpement/Amazon/Wordpress/wp-includes/js/tinymce/themes/advanced/img/pagebreak.gif => wp-includes/js/tinymce/themes/advanced/img/pagebreak.gif] OK
[Tue, 05 Feb 2013 13:40:05 +0000] [/Volumes/Machintosh HD/Developpement/Amazon/Wordpress/wp-includes/js/tinymce/themes/advanced/img/quicktime.gif => wp-includes/js/tinymce/themes/advanced/img/quicktime.gif] OK
[Tue, 05 Feb 2013 13:40:06 +0000] [/Volumes/Machintosh HD/Developpement/Amazon/Wordpress/wp-includes/js/tinymce/themes/advanced/img/realmedia.gif => wp-includes/js/tinymce/themes/advanced/img/realmedia.gif] OK
[Tue, 05 Feb 2013 13:40:07 +0000] [/Volumes/Machintosh HD/Developpement/Amazon/Wordpress/wp-includes/js/tinymce/themes/advanced/img/shockwave.gif => wp-includes/js/tinymce/themes/advanced/img/shockwave.gif] OK
[Tue, 05 Feb 2013 13:40:08 +0000] [/Volumes/Machintosh HD/Developpement/Amazon/Wordpress/wp-includes/js/tinymce/themes/advanced/img/trans.gif => wp-includes/js/tinymce/themes/advanced/img/trans.gif] OK
[Tue, 05 Feb 2013 13:40:09 +0000] [/Volumes/Machintosh HD/Developpement/Amazon/Wordpress/wp-includes/js/tinymce/themes/advanced/img/video.gif => wp-includes/js/tinymce/themes/advanced/img/video.gif] OK
[Tue, 05 Feb 2013 13:40:10 +0000] [/Volumes/Machintosh HD/Developpement/Amazon/Wordpress/wp-includes/js/tinymce/themes/advanced/img/windowsmedia.gif => wp-includes/js/tinymce/themes/advanced/img/windowsmedia.gif] OK
[Tue, 05 Feb 2013 13:40:11 +0000] [/Volumes/Machintosh HD/Developpement/Amazon/Wordpress/wp-includes/js/tinymce/themes/advanced/js/about.js => wp-includes/js/tinymce/themes/advanced/js/about.js] OK
[Tue, 05 Feb 2013 13:40:12 +0000] [/Volumes/Machintosh HD/Developpement/Amazon/Wordpress/wp-includes/js/tinymce/themes/advanced/js/anchor.js => wp-includes/js/tinymce/themes/advanced/js/anchor.js] OK
[Tue, 05 Feb 2013 13:40:13 +0000] [/Volumes/Machintosh HD/Developpement/Amazon/Wordpress/wp-includes/js/tinymce/themes/advanced/js/charmap.js => wp-includes/js/tinymce/themes/advanced/js/charmap.js] OK
[Tue, 05 Feb 2013 13:40:15 +0000] [/Volumes/Machintosh HD/Developpement/Amazon/Wordpress/wp-includes/js/tinymce/themes/advanced/js/color_picker.js => wp-includes/js/tinymce/themes/advanced/js/color_picker.js] OK
[Tue, 05 Feb 2013 13:40:16 +0000] [/Volumes/Machintosh HD/Developpement/Amazon/Wordpress/wp-includes/js/tinymce/themes/advanced/js/image.js => wp-includes/js/tinymce/themes/advanced/js/image.js] OK
[Tue, 05 Feb 2013 13:40:17 +0000] [/Volumes/Machintosh HD/Developpement/Amazon/Wordpress/wp-includes/js/tinymce/themes/advanced/js/link.js => wp-includes/js/tinymce/themes/advanced/js/link.js] OK
[Tue, 05 Feb 2013 13:40:18 +0000] [/Volumes/Machintosh HD/Developpement/Amazon/Wordpress/wp-includes/js/tinymce/themes/advanced/js/source_editor.js => wp-includes/js/tinymce/themes/advanced/js/source_editor.js] OK
[Tue, 05 Feb 2013 13:40:19 +0000] [/Volumes/Machintosh HD/Developpement/Amazon/Wordpress/wp-includes/js/tinymce/themes/advanced/skins/default/content.css => wp-includes/js/tinymce/themes/advanced/skins/default/content.css] OK
[Tue, 05 Feb 2013 13:40:20 +0000] [/Volumes/Machintosh HD/Developpement/Amazon/Wordpress/wp-includes/js/tinymce/themes/advanced/skins/default/dialog.css => wp-includes/js/tinymce/themes/advanced/skins/default/dialog.css] OK
[Tue, 05 Feb 2013 13:40:22 +0000] [/Volumes/Machintosh HD/Developpement/Amazon/Wordpress/wp-includes/js/tinymce/themes/advanced/skins/default/img/buttons.png => wp-includes/js/tinymce/themes/advanced/skins/default/img/buttons.png] OK
[Tue, 05 Feb 2013 13:40:23 +0000] [/Volumes/Machintosh HD/Developpement/Amazon/Wordpress/wp-includes/js/tinymce/themes/advanced/skins/default/img/items.gif => wp-includes/js/tinymce/themes/advanced/skins/default/img/items.gif] OK
[Tue, 05 Feb 2013 13:40:24 +0000] [/Volumes/Machintosh HD/Developpement/Amazon/Wordpress/wp-includes/js/tinymce/themes/advanced/skins/default/img/menu_arrow.gif => wp-includes/js/tinymce/themes/advanced/skins/default/img/menu_arrow.gif] OK
[Tue, 05 Feb 2013 13:40:24 +0000] [/Volumes/Machintosh HD/Developpement/Amazon/Wordpress/wp-includes/js/tinymce/themes/advanced/skins/default/img/menu_check.gif => wp-includes/js/tinymce/themes/advanced/skins/default/img/menu_check.gif] OK
[Tue, 05 Feb 2013 13:40:25 +0000] [/Volumes/Machintosh HD/Developpement/Amazon/Wordpress/wp-includes/js/tinymce/themes/advanced/skins/default/img/progress.gif => wp-includes/js/tinymce/themes/advanced/skins/default/img/progress.gif] OK
[Tue, 05 Feb 2013 13:40:26 +0000] [/Volumes/Machintosh HD/Developpement/Amazon/Wordpress/wp-includes/js/tinymce/themes/advanced/skins/default/img/tabs.gif => wp-includes/js/tinymce/themes/advanced/skins/default/img/tabs.gif] OK
[Tue, 05 Feb 2013 13:40:27 +0000] [/Volumes/Machintosh HD/Developpement/Amazon/Wordpress/wp-includes/js/tinymce/themes/advanced/skins/default/ui.css => wp-includes/js/tinymce/themes/advanced/skins/default/ui.css] OK
[Tue, 05 Feb 2013 13:40:28 +0000] [/Volumes/Machintosh HD/Developpement/Amazon/Wordpress/wp-includes/js/tinymce/themes/advanced/skins/highcontrast/content.css => wp-includes/js/tinymce/themes/advanced/skins/highcontrast/content.css] OK
[Tue, 05 Feb 2013 13:40:29 +0000] [/Volumes/Machintosh HD/Developpement/Amazon/Wordpress/wp-includes/js/tinymce/themes/advanced/skins/highcontrast/dialog.css => wp-includes/js/tinymce/themes/advanced/skins/highcontrast/dialog.css] OK
[Tue, 05 Feb 2013 13:40:30 +0000] [/Volumes/Machintosh HD/Developpement/Amazon/Wordpress/wp-includes/js/tinymce/themes/advanced/skins/highcontrast/ui.css => wp-includes/js/tinymce/themes/advanced/skins/highcontrast/ui.css] OK
[Tue, 05 Feb 2013 13:40:31 +0000] [/Volumes/Machintosh HD/Developpement/Amazon/Wordpress/wp-includes/js/tinymce/themes/advanced/skins/o2k7/content.css => wp-includes/js/tinymce/themes/advanced/skins/o2k7/content.css] OK
[Tue, 05 Feb 2013 13:40:32 +0000] [/Volumes/Machintosh HD/Developpement/Amazon/Wordpress/wp-includes/js/tinymce/themes/advanced/skins/o2k7/dialog.css => wp-includes/js/tinymce/themes/advanced/skins/o2k7/dialog.css] OK
[Tue, 05 Feb 2013 13:40:34 +0000] [/Volumes/Machintosh HD/Developpement/Amazon/Wordpress/wp-includes/js/tinymce/themes/advanced/skins/o2k7/img/button_bg.png => wp-includes/js/tinymce/themes/advanced/skins/o2k7/img/button_bg.png] OK
[Tue, 05 Feb 2013 13:40:35 +0000] [/Volumes/Machintosh HD/Developpement/Amazon/Wordpress/wp-includes/js/tinymce/themes/advanced/skins/o2k7/img/button_bg_black.png => wp-includes/js/tinymce/themes/advanced/skins/o2k7/img/button_bg_black.png] OK
[Tue, 05 Feb 2013 13:40:36 +0000] [/Volumes/Machintosh HD/Developpement/Amazon/Wordpress/wp-includes/js/tinymce/themes/advanced/skins/o2k7/img/button_bg_silver.png => wp-includes/js/tinymce/themes/advanced/skins/o2k7/img/button_bg_silver.png] OK
[Tue, 05 Feb 2013 13:40:37 +0000] [/Volumes/Machintosh HD/Developpement/Amazon/Wordpress/wp-includes/js/tinymce/themes/advanced/skins/o2k7/ui.css => wp-includes/js/tinymce/themes/advanced/skins/o2k7/ui.css] OK
[Tue, 05 Feb 2013 13:40:38 +0000] [/Volumes/Machintosh HD/Developpement/Amazon/Wordpress/wp-includes/js/tinymce/themes/advanced/skins/o2k7/ui_black.css => wp-includes/js/tinymce/themes/advanced/skins/o2k7/ui_black.css] OK
[Tue, 05 Feb 2013 13:40:39 +0000] [/Volumes/Machintosh HD/Developpement/Amazon/Wordpress/wp-includes/js/tinymce/themes/advanced/skins/o2k7/ui_silver.css => wp-includes/js/tinymce/themes/advanced/skins/o2k7/ui_silver.css] OK
[Tue, 05 Feb 2013 13:40:40 +0000] [/Volumes/Machintosh HD/Developpement/Amazon/Wordpress/wp-includes/js/tinymce/themes/advanced/skins/wp_theme/content.css => wp-includes/js/tinymce/themes/advanced/skins/wp_theme/content.css] OK
[Tue, 05 Feb 2013 13:40:44 +0000] [/Volumes/Machintosh HD/Developpement/Amazon/Wordpress/wp-includes/js/tinymce/themes/advanced/skins/wp_theme/dialog.css => wp-includes/js/tinymce/themes/advanced/skins/wp_theme/dialog.css] OK
[Tue, 05 Feb 2013 13:40:45 +0000] [/Volumes/Machintosh HD/Developpement/Amazon/Wordpress/wp-includes/js/tinymce/themes/advanced/skins/wp_theme/img/embedded.png => wp-includes/js/tinymce/themes/advanced/skins/wp_theme/img/embedded.png] OK
[Tue, 05 Feb 2013 13:40:46 +0000] [/Volumes/Machintosh HD/Developpement/Amazon/Wordpress/wp-includes/js/tinymce/themes/advanced/skins/wp_theme/img/gallery.png => wp-includes/js/tinymce/themes/advanced/skins/wp_theme/img/gallery.png] OK
[Tue, 05 Feb 2013 13:40:47 +0000] [/Volumes/Machintosh HD/Developpement/Amazon/Wordpress/wp-includes/js/tinymce/themes/advanced/skins/wp_theme/img/more_bug.gif => wp-includes/js/tinymce/themes/advanced/skins/wp_theme/img/more_bug.gif] OK
[Tue, 05 Feb 2013 13:40:48 +0000] [/Volumes/Machintosh HD/Developpement/Amazon/Wordpress/wp-includes/js/tinymce/themes/advanced/skins/wp_theme/img/page_bug.gif => wp-includes/js/tinymce/themes/advanced/skins/wp_theme/img/page_bug.gif] OK
[Tue, 05 Feb 2013 13:40:49 +0000] [/Volumes/Machintosh HD/Developpement/Amazon/Wordpress/wp-includes/js/tinymce/themes/advanced/skins/wp_theme/img/tabs.gif => wp-includes/js/tinymce/themes/advanced/skins/wp_theme/img/tabs.gif] OK
[Tue, 05 Feb 2013 13:40:52 +0000] [/Volumes/Machintosh HD/Developpement/Amazon/Wordpress/wp-includes/js/tinymce/tiny_mce.js => wp-includes/js/tinymce/tiny_mce.js] OK
[Tue, 05 Feb 2013 13:40:53 +0000] [/Volumes/Machintosh HD/Developpement/Amazon/Wordpress/wp-includes/js/tinymce/tiny_mce_popup.js => wp-includes/js/tinymce/tiny_mce_popup.js] OK
[Tue, 05 Feb 2013 13:40:53 +0000] [/Volumes/Machintosh HD/Developpement/Amazon/Wordpress/wp-includes/js/tinymce/utils/editable_selects.js => wp-includes/js/tinymce/utils/editable_selects.js] OK
[Tue, 05 Feb 2013 13:40:54 +0000] [/Volumes/Machintosh HD/Developpement/Amazon/Wordpress/wp-includes/js/tinymce/utils/form_utils.js => wp-includes/js/tinymce/utils/form_utils.js] OK
[Tue, 05 Feb 2013 13:40:55 +0000] [/Volumes/Machintosh HD/Developpement/Amazon/Wordpress/wp-includes/js/tinymce/utils/mctabs.js => wp-includes/js/tinymce/utils/mctabs.js] OK
[Tue, 05 Feb 2013 13:40:56 +0000] [/Volumes/Machintosh HD/Developpement/Amazon/Wordpress/wp-includes/js/tinymce/utils/validate.js => wp-includes/js/tinymce/utils/validate.js] OK
[Tue, 05 Feb 2013 13:40:57 +0000] [/Volumes/Machintosh HD/Developpement/Amazon/Wordpress/wp-includes/js/tinymce/wp-tinymce-schema.js => wp-includes/js/tinymce/wp-tinymce-schema.js] OK
[Tue, 05 Feb 2013 13:40:57 +0000] [/Volumes/Machintosh HD/Developpement/Amazon/Wordpress/wp-includes/js/tw-sack.js => wp-includes/js/tw-sack.js] OK
[Tue, 05 Feb 2013 13:40:58 +0000] [/Volumes/Machintosh HD/Developpement/Amazon/Wordpress/wp-includes/js/tw-sack.min.js => wp-includes/js/tw-sack.min.js] OK
[Tue, 05 Feb 2013 13:40:59 +0000] [/Volumes/Machintosh HD/Developpement/Amazon/Wordpress/wp-includes/js/underscore.min.js => wp-includes/js/underscore.min.js] OK
[Tue, 05 Feb 2013 13:40:59 +0000] [/Volumes/Machintosh HD/Developpement/Amazon/Wordpress/wp-includes/js/utils.js => wp-includes/js/utils.js] OK
[Tue, 05 Feb 2013 13:41:00 +0000] [/Volumes/Machintosh HD/Developpement/Amazon/Wordpress/wp-includes/js/utils.min.js => wp-includes/js/utils.min.js] OK
[Tue, 05 Feb 2013 13:41:00 +0000] [/Volumes/Machintosh HD/Developpement/Amazon/Wordpress/wp-includes/js/wp-ajax-response.js => wp-includes/js/wp-ajax-response.js] OK
[Tue, 05 Feb 2013 13:41:01 +0000] [/Volumes/Machintosh HD/Developpement/Amazon/Wordpress/wp-includes/js/wp-ajax-response.min.js => wp-includes/js/wp-ajax-response.min.js] OK
[Tue, 05 Feb 2013 13:41:02 +0000] [/Volumes/Machintosh HD/Developpement/Amazon/Wordpress/wp-includes/js/wp-list-revisions.js => wp-includes/js/wp-list-revisions.js] OK
[Tue, 05 Feb 2013 13:41:02 +0000] [/Volumes/Machintosh HD/Developpement/Amazon/Wordpress/wp-includes/js/wp-list-revisions.min.js => wp-includes/js/wp-list-revisions.min.js] OK
[Tue, 05 Feb 2013 13:41:03 +0000] [/Volumes/Machintosh HD/Developpement/Amazon/Wordpress/wp-includes/js/wp-lists.js => wp-includes/js/wp-lists.js] OK
[Tue, 05 Feb 2013 13:41:03 +0000] [/Volumes/Machintosh HD/Developpement/Amazon/Wordpress/wp-includes/js/wp-lists.min.js => wp-includes/js/wp-lists.min.js] OK
[Tue, 05 Feb 2013 13:41:04 +0000] [/Volumes/Machintosh HD/Developpement/Amazon/Wordpress/wp-includes/js/wp-pointer.js => wp-includes/js/wp-pointer.js] OK
[Tue, 05 Feb 2013 13:41:07 +0000] [/Volumes/Machintosh HD/Developpement/Amazon/Wordpress/wp-includes/js/wp-pointer.min.js => wp-includes/js/wp-pointer.min.js] OK
[Tue, 05 Feb 2013 13:41:08 +0000] [/Volumes/Machintosh HD/Developpement/Amazon/Wordpress/wp-includes/js/wplink.js => wp-includes/js/wplink.js] OK
[Tue, 05 Feb 2013 13:41:09 +0000] [/Volumes/Machintosh HD/Developpement/Amazon/Wordpress/wp-includes/js/wplink.min.js => wp-includes/js/wplink.min.js] OK
[Tue, 05 Feb 2013 13:41:09 +0000] [/Volumes/Machintosh HD/Developpement/Amazon/Wordpress/wp-includes/wlwmanifest.xml => wp-includes/wlwmanifest.xml] OK
[Tue, 05 Feb 2013 13:41:18 +0000] [/Volumes/Machintosh HD/Developpement/Amazon/Wordpress/wp-content/themes/twentytwelve/css/ie.css => wp-content/themes/twentytwelve/css/ie.css] OK
[Tue, 05 Feb 2013 13:41:19 +0000] [/Volumes/Machintosh HD/Developpement/Amazon/Wordpress/wp-content/themes/twentytwelve/editor-style-rtl.css => wp-content/themes/twentytwelve/editor-style-rtl.css] OK
[Tue, 05 Feb 2013 13:41:19 +0000] [/Volumes/Machintosh HD/Developpement/Amazon/Wordpress/wp-content/themes/twentytwelve/editor-style.css => wp-content/themes/twentytwelve/editor-style.css] OK
[Tue, 05 Feb 2013 13:41:20 +0000] [/Volumes/Machintosh HD/Developpement/Amazon/Wordpress/wp-content/themes/twentytwelve/js/html5.js => wp-content/themes/twentytwelve/js/html5.js] OK
[Tue, 05 Feb 2013 13:41:21 +0000] [/Volumes/Machintosh HD/Developpement/Amazon/Wordpress/wp-content/themes/twentytwelve/js/navigation.js => wp-content/themes/twentytwelve/js/navigation.js] OK
[Tue, 05 Feb 2013 13:41:22 +0000] [/Volumes/Machintosh HD/Developpement/Amazon/Wordpress/wp-content/themes/twentytwelve/js/theme-customizer.js => wp-content/themes/twentytwelve/js/theme-customizer.js] OK
[Tue, 05 Feb 2013 13:41:22 +0000] [/Volumes/Machintosh HD/Developpement/Amazon/Wordpress/wp-content/themes/twentytwelve/rtl.css => wp-content/themes/twentytwelve/rtl.css] OK
[Tue, 05 Feb 2013 13:41:25 +0000] [/Volumes/Machintosh HD/Developpement/Amazon/Wordpress/wp-content/themes/twentytwelve/screenshot.png => wp-content/themes/twentytwelve/screenshot.png] OK
[Tue, 05 Feb 2013 13:41:26 +0000] [/Volumes/Machintosh HD/Developpement/Amazon/Wordpress/wp-content/themes/twentytwelve/style.css => wp-content/themes/twentytwelve/style.css] OK
[Tue, 05 Feb 2013 13:41:35 +0000] [/Volumes/Machintosh HD/Developpement/Amazon/Wordpress/wp-content/plugins/w3-total-cache/pub/js/lightbox.js => wp-content/plugins/w3-total-cache/pub/js/lightbox.js] OK
[Tue, 05 Feb 2013 13:41:36 +0000] [/Volumes/Machintosh HD/Developpement/Amazon/Wordpress/wp-content/plugins/w3-total-cache/pub/js/metadata.js => wp-content/plugins/w3-total-cache/pub/js/metadata.js] OK
[Tue, 05 Feb 2013 13:41:38 +0000] [/Volumes/Machintosh HD/Developpement/Amazon/Wordpress/wp-content/plugins/w3-total-cache/pub/js/options.js => wp-content/plugins/w3-total-cache/pub/js/options.js] OK
[Tue, 05 Feb 2013 13:41:39 +0000] [/Volumes/Machintosh HD/Developpement/Amazon/Wordpress/wp-content/plugins/w3-total-cache/pub/js/popup.js => wp-content/plugins/w3-total-cache/pub/js/popup.js] OK
[Tue, 05 Feb 2013 13:41:39 +0000] [/Volumes/Machintosh HD/Developpement/Amazon/Wordpress/wp-content/plugins/w3-total-cache/pub/js/widget.js => wp-content/plugins/w3-total-cache/pub/js/widget.js] OK
[Tue, 05 Feb 2013 13:41:40 +0000] [/Volumes/Machintosh HD/Developpement/Amazon/Wordpress/wp-content/plugins/w3-total-cache/pub/css/error.css => wp-content/plugins/w3-total-cache/pub/css/error.css] OK
[Tue, 05 Feb 2013 13:41:41 +0000] [/Volumes/Machintosh HD/Developpement/Amazon/Wordpress/wp-content/plugins/w3-total-cache/pub/css/lightbox.css => wp-content/plugins/w3-total-cache/pub/css/lightbox.css] OK
[Tue, 05 Feb 2013 13:41:42 +0000] [/Volumes/Machintosh HD/Developpement/Amazon/Wordpress/wp-content/plugins/w3-total-cache/pub/css/options.css => wp-content/plugins/w3-total-cache/pub/css/options.css] OK
[Tue, 05 Feb 2013 13:41:43 +0000] [/Volumes/Machintosh HD/Developpement/Amazon/Wordpress/wp-content/plugins/w3-total-cache/pub/css/popup.css => wp-content/plugins/w3-total-cache/pub/css/popup.css] OK
[Tue, 05 Feb 2013 13:41:44 +0000] [/Volumes/Machintosh HD/Developpement/Amazon/Wordpress/wp-content/plugins/w3-total-cache/pub/css/widget.css => wp-content/plugins/w3-total-cache/pub/css/widget.css] OK
[Tue, 05 Feb 2013 13:41:44 +0000] [/Volumes/Machintosh HD/Developpement/Amazon/Wordpress/wp-content/plugins/w3-total-cache/pub/img/ps_bar.gif => wp-content/plugins/w3-total-cache/pub/img/ps_bar.gif] OK
[Tue, 05 Feb 2013 13:41:45 +0000] [/Volumes/Machintosh HD/Developpement/Amazon/Wordpress/wp-content/plugins/w3-total-cache/pub/img/ps_grad.gif => wp-content/plugins/w3-total-cache/pub/img/ps_grad.gif] OK
[Tue, 05 Feb 2013 13:41:46 +0000] [/Volumes/Machintosh HD/Developpement/Amazon/Wordpress/wp-content/plugins/w3-total-cache/pub/img/wpspin_light.gif => wp-content/plugins/w3-total-cache/pub/img/wpspin_light.gif] OK
[Tue, 05 Feb 2013 13:41:47 +0000] [/Volumes/Machintosh HD/Developpement/Amazon/Wordpress/wp-content/plugins/w3-total-cache/pub/img/button-grad-active.png => wp-content/plugins/w3-total-cache/pub/img/button-grad-active.png] OK
[Tue, 05 Feb 2013 13:41:48 +0000] [/Volumes/Machintosh HD/Developpement/Amazon/Wordpress/wp-content/plugins/w3-total-cache/pub/img/button-grad.png => wp-content/plugins/w3-total-cache/pub/img/button-grad.png] OK
[Tue, 05 Feb 2013 13:41:48 +0000] [/Volumes/Machintosh HD/Developpement/Amazon/Wordpress/wp-content/plugins/w3-total-cache/pub/img/close.png => wp-content/plugins/w3-total-cache/pub/img/close.png] OK
[Tue, 05 Feb 2013 13:41:49 +0000] [/Volumes/Machintosh HD/Developpement/Amazon/Wordpress/wp-content/plugins/w3-total-cache/pub/img/google-logo.png => wp-content/plugins/w3-total-cache/pub/img/google-logo.png] OK
[Tue, 05 Feb 2013 13:41:50 +0000] [/Volumes/Machintosh HD/Developpement/Amazon/Wordpress/wp-content/plugins/w3-total-cache/pub/img/open.png => wp-content/plugins/w3-total-cache/pub/img/open.png] OK
[Tue, 05 Feb 2013 13:41:51 +0000] [/Volumes/Machintosh HD/Developpement/Amazon/Wordpress/wp-content/plugins/w3-total-cache/pub/img/ps_scores.png => wp-content/plugins/w3-total-cache/pub/img/ps_scores.png] OK
[Tue, 05 Feb 2013 13:41:51 +0000] [/Volumes/Machintosh HD/Developpement/Amazon/Wordpress/wp-content/plugins/w3-total-cache/pub/img/sidebar-background.png => wp-content/plugins/w3-total-cache/pub/img/sidebar-background.png] OK
[Tue, 05 Feb 2013 13:41:52 +0000] [/Volumes/Machintosh HD/Developpement/Amazon/Wordpress/wp-content/plugins/w3-total-cache/pub/img/w3tc-sprite-retina.png => wp-content/plugins/w3-total-cache/pub/img/w3tc-sprite-retina.png] OK
[Tue, 05 Feb 2013 13:41:53 +0000] [/Volumes/Machintosh HD/Developpement/Amazon/Wordpress/wp-content/plugins/w3-total-cache/pub/img/w3tc-sprite.png => wp-content/plugins/w3-total-cache/pub/img/w3tc-sprite.png] OK
[Tue, 05 Feb 2013 13:41:54 +0000] [/Volumes/Machintosh HD/Developpement/Amazon/Wordpress/wp-content/plugins/w3-total-cache/pub/img/W3TC_dashboard_logo_title-retina.png => wp-content/plugins/w3-total-cache/pub/img/W3TC_dashboard_logo_title-retina.png] OK
[Tue, 05 Feb 2013 13:41:54 +0000] [/Volumes/Machintosh HD/Developpement/Amazon/Wordpress/wp-content/plugins/w3-total-cache/pub/img/W3TC_dashboard_logo_title.png => wp-content/plugins/w3-total-cache/pub/img/W3TC_dashboard_logo_title.png] OK
[Tue, 05 Feb 2013 13:41:55 +0000] [/Volumes/Machintosh HD/Developpement/Amazon/Wordpress/wp-content/plugins/w3-total-cache/pub/img/w3tc_google-logo-retina.png => wp-content/plugins/w3-total-cache/pub/img/w3tc_google-logo-retina.png] OK
[Tue, 05 Feb 2013 13:41:57 +0000] [/Volumes/Machintosh HD/Developpement/Amazon/Wordpress/wp-content/plugins/w3-total-cache/pub/img/w3tc_google-logo.png => wp-content/plugins/w3-total-cache/pub/img/w3tc_google-logo.png] OK
[Tue, 05 Feb 2013 13:41:58 +0000] [/Volumes/Machintosh HD/Developpement/Amazon/Wordpress/wp-content/plugins/w3-total-cache/pub/img/w3tc_newrelic-logo-retina.png => wp-content/plugins/w3-total-cache/pub/img/w3tc_newrelic-logo-retina.png] OK
[Tue, 05 Feb 2013 13:41:58 +0000] [/Volumes/Machintosh HD/Developpement/Amazon/Wordpress/wp-content/plugins/w3-total-cache/pub/img/w3tc_newrelic-logo.png => wp-content/plugins/w3-total-cache/pub/img/w3tc_newrelic-logo.png] OK
[Tue, 05 Feb 2013 13:41:59 +0000] [/Volumes/Machintosh HD/Developpement/Amazon/Wordpress/wp-content/plugins/w3-total-cache/pub/img/w3tc_w3edge-logo-retina.png => wp-content/plugins/w3-total-cache/pub/img/w3tc_w3edge-logo-retina.png] OK
[Tue, 05 Feb 2013 13:42:00 +0000] [/Volumes/Machintosh HD/Developpement/Amazon/Wordpress/wp-content/plugins/w3-total-cache/pub/img/w3tc_w3edge-logo.png => wp-content/plugins/w3-total-cache/pub/img/w3tc_w3edge-logo.png] OK
[Tue, 05 Feb 2013 13:42:01 +0000] [/Volumes/Machintosh HD/Developpement/Amazon/Wordpress/wp-content/plugins/w3-total-cache/pub/img/w3tc_w3tc-logo-retina.png => wp-content/plugins/w3-total-cache/pub/img/w3tc_w3tc-logo-retina.png] OK
[Tue, 05 Feb 2013 13:42:02 +0000] [/Volumes/Machintosh HD/Developpement/Amazon/Wordpress/wp-content/plugins/w3-total-cache/pub/img/w3tc_w3tc-logo.png => wp-content/plugins/w3-total-cache/pub/img/w3tc_w3tc-logo.png] OK
[Tue, 05 Feb 2013 13:42:02 +0000] [/Volumes/Machintosh HD/Developpement/Amazon/Wordpress/wp-content/plugins/w3-total-cache/pub/img/white-grad-active.png => wp-content/plugins/w3-total-cache/pub/img/white-grad-active.png] OK
[Tue, 05 Feb 2013 13:42:03 +0000] [/Volumes/Machintosh HD/Developpement/Amazon/Wordpress/wp-content/plugins/w3-total-cache/pub/img/white-grad.png => wp-content/plugins/w3-total-cache/pub/img/white-grad.png] OK
[Tue, 05 Feb 2013 13:45:23 +0000] [/Volumes/Machintosh HD/Developpement/Amazon/Wordpress/wp-content/cache/tmp/.htaccess => .htaccess] OK
[Tue, 05 Feb 2013 13:45:24 +0000] [/Volumes/Machintosh HD/Developpement/Amazon/Wordpress/wp-content/cache/tmp/.htaccess => .htaccess] OK
[Tue, 05 Feb 2013 13:45:54 +0000] [/Volumes/Machintosh HD/Developpement/Amazon/Wordpress/wp-content/cache/tmp/.htaccess => .htaccess] OK
[Tue, 05 Feb 2013 13:45:56 +0000] [/Volumes/Machintosh HD/Developpement/Amazon/Wordpress/wp-content/cache/tmp/.htaccess => .htaccess] OK
[Tue, 05 Feb 2013 13:49:48 +0000] [/Volumes/Machintosh HD/Developpement/Amazon/Wordpress/wp-content/cache/tmp/.htaccess => .htaccess] OK
[Tue, 05 Feb 2013 13:49:49 +0000] [/Volumes/Machintosh HD/Developpement/Amazon/Wordpress/wp-content/cache/tmp/.htaccess => .htaccess] OK
[Tue, 05 Feb 2013 13:55:07 +0000] [/Volumes/Machintosh HD/Developpement/Amazon/Wordpress/wp-content/cache/tmp/.htaccess => .htaccess] OK
[Tue, 05 Feb 2013 13:55:09 +0000] [/Volumes/Machintosh HD/Developpement/Amazon/Wordpress/wp-content/cache/tmp/.htaccess => .htaccess] OK
[Tue, 05 Feb 2013 13:55:23 +0000] [/Volumes/Machintosh HD/Developpement/Amazon/Wordpress/wp-content/cache/tmp/.htaccess => .htaccess] OK
[Tue, 05 Feb 2013 13:55:25 +0000] [/Volumes/Machintosh HD/Developpement/Amazon/Wordpress/wp-content/cache/tmp/.htaccess => .htaccess] OK
[Tue, 05 Feb 2013 13:58:26 +0000] [/Volumes/Machintosh HD/Developpement/Amazon/Wordpress/wp-content/cache/tmp/.htaccess => .htaccess] OK
[Tue, 05 Feb 2013 13:58:28 +0000] [/Volumes/Machintosh HD/Developpement/Amazon/Wordpress/wp-content/cache/tmp/.htaccess => .htaccess] OK
[Tue, 05 Feb 2013 14:04:46 +0000] [/Volumes/Machintosh HD/Developpement/Amazon/Wordpress/wp-content/uploads/2013/02/logo-viens-la-gris.jpg => wp-content/uploads/2013/02/logo-viens-la-gris.jpg] OK
[Tue, 05 Feb 2013 14:04:48 +0000] [/Volumes/Machintosh HD/Developpement/Amazon/Wordpress/wp-content/uploads/2013/02/logo-viens-la-gris-150x45.jpg => wp-content/uploads/2013/02/logo-viens-la-gris-150x45.jpg] OK
[Tue, 05 Feb 2013 14:05:14 +0000] [/Volumes/Machintosh HD/Developpement/Amazon/Wordpress/wp-content/uploads/2013/02/logo-viens-la-gris.jpg => wp-content/uploads/2013/02/logo-viens-la-gris.jpg] OK
[Tue, 05 Feb 2013 14:05:15 +0000] [/Volumes/Machintosh HD/Developpement/Amazon/Wordpress/wp-content/uploads/2013/02/logo-viens-la-gris-150x45.jpg => wp-content/uploads/2013/02/logo-viens-la-gris-150x45.jpg] OK
[Tue, 05 Feb 2013 14:05:43 +0000] [/Volumes/Machintosh HD/Developpement/Amazon/Wordpress/wp-content/cache/tmp/.htaccess => .htaccess] OK
[Tue, 05 Feb 2013 14:05:44 +0000] [/Volumes/Machintosh HD/Developpement/Amazon/Wordpress/wp-content/cache/tmp/.htaccess => .htaccess] OK
